#
# There is insufficient memory for the Java Runtime Environment to continue.
# Native memory allocation (malloc) failed to allocate 32744 bytes for ChunkPool::allocate
# Possible reasons:
#   The system is out of physical RAM or swap space
#   The process is running with CompressedOops enabled, and the Java Heap may be blocking the growth of the native heap
# Possible solutions:
#   Reduce memory load on the system
#   Increase physical memory or swap space
#   Check if swap backing store is full
#   Decrease Java heap size (-Xmx/-Xms)
#   Decrease number of Java threads
#   Decrease Java thread stack sizes (-Xss)
#   Set larger code cache with -XX:ReservedCodeCacheSize=
#   JVM is running with Unscaled Compressed Oops mode in which the Java heap is
#     placed in the first 4GB address space. The Java Heap base address is the
#     maximum limit for the native heap growth. Please use -XX:HeapBaseMinAddress
#     to set the Java Heap base and to place the Java Heap above 4GB virtual address.
# This output file may be truncated or incomplete.
#
#  Out of Memory Error (allocation.cpp:272), pid=13140, tid=0x000000000000269c
#
# JRE version: OpenJDK Runtime Environment (8.0_242-b01) (build 1.8.0_242-release-1644-b01)
# Java VM: OpenJDK 64-Bit Server VM (25.242-b01 mixed mode windows-amd64 compressed oops)
# Failed to write core dump. Minidumps are not enabled by default on client versions of Windows
#

---------------  T H R E A D  ---------------

Current thread (0x0000000017b2b800):  JavaThread "C2 CompilerThread0" daemon [_thread_in_native, id=9884, stack(0x000000001a200000,0x000000001a300000)]

Stack: [0x000000001a200000,0x000000001a300000]
[error occurred during error reporting (printing stack bounds), id 0xc0000005]

Native frames: (J=compiled Java code, j=interpreted, Vv=VM code, C=native code)


Current CompileTask:
C2:  28697 8297       4       org.gradle.internal.instantiation.generator.DependencyInjectingInstantiator::convertParameters (126 bytes)


---------------  P R O C E S S  ---------------

Java Threads: ( => current thread )
  0x0000000020281000 JavaThread "pool-2-thread-1" [_thread_blocked, id=11592, stack(0x000000002bde0000,0x000000002bee0000)]
  0x0000000020280800 JavaThread "Cache worker for Build Output Cleanup Cache (E:\BTAndroid\BVN4\.gradle\buildOutputCleanup)" [_thread_blocked, id=13388, stack(0x000000002bce0000,0x000000002bde0000)]
  0x000000002027f800 JavaThread "Build operations Thread 8" [_thread_blocked, id=13912, stack(0x000000002acd0000,0x000000002add0000)]
  0x000000002027f000 JavaThread "Build operations Thread 7" [_thread_blocked, id=7536, stack(0x000000002a9d0000,0x000000002aad0000)]
  0x0000000020277800 JavaThread "Build operations Thread 6" [_thread_blocked, id=13432, stack(0x0000000024b10000,0x0000000024c10000)]
  0x000000002027e000 JavaThread "Build operations Thread 5" [_thread_blocked, id=4728, stack(0x0000000024a10000,0x0000000024b10000)]
  0x000000002027c800 JavaThread "Build operations Thread 4" [_thread_blocked, id=11732, stack(0x0000000024910000,0x0000000024a10000)]
  0x000000002027d800 JavaThread "Build operations Thread 3" [_thread_blocked, id=7264, stack(0x0000000024810000,0x0000000024910000)]
  0x000000002027c000 JavaThread "Build operations Thread 2" [_thread_blocked, id=9832, stack(0x0000000024710000,0x0000000024810000)]
  0x000000002027b000 JavaThread "Build operations" [_thread_blocked, id=14160, stack(0x0000000024610000,0x0000000024710000)]
  0x0000000020273800 JavaThread "Cache worker for cache directory md-rule (C:\Users\DUYEN\.gradle\caches\6.5\md-rule)" [_thread_blocked, id=7552, stack(0x0000000024510000,0x0000000024610000)]
  0x000000002027a800 JavaThread "Cache worker for cache directory md-supplier (C:\Users\DUYEN\.gradle\caches\6.5\md-supplier)" [_thread_blocked, id=12908, stack(0x0000000024410000,0x0000000024510000)]
  0x0000000020278000 JavaThread "Cache worker for checksums cache (E:\BTAndroid\BVN4\.gradle\checksums)" [_thread_blocked, id=14136, stack(0x0000000021380000,0x0000000021480000)]
  0x0000000020276800 JavaThread "Cache worker for file hash cache (E:\BTAndroid\BVN4\.gradle\6.5\fileHashes)" [_thread_blocked, id=4324, stack(0x000000001ea20000,0x000000001eb20000)]
  0x0000000020273000 JavaThread "Thread-133" [_thread_blocked, id=12852, stack(0x000000001e420000,0x000000001e520000)]
  0x0000000020274800 JavaThread "Stdin handler" [_thread_blocked, id=13672, stack(0x000000001e320000,0x000000001e420000)]
  0x0000000020279800 JavaThread "Asynchronous log dispatcher for DefaultDaemonConnection: socket connection from /127.0.0.1:52189 to /127.0.0.1:52218" [_thread_blocked, id=1764, stack(0x000000001e220000,0x000000001e320000)]
  0x0000000020279000 JavaThread "Cancel handler" [_thread_blocked, id=12320, stack(0x000000001df20000,0x000000001e020000)]
  0x0000000020276000 JavaThread "Handler for socket connection from /127.0.0.1:52189 to /127.0.0.1:52218" [_thread_in_native, id=11740, stack(0x000000001de20000,0x000000001df20000)]
  0x0000000020272000 JavaThread "Memory manager" [_thread_blocked, id=7792, stack(0x000000002b1d0000,0x000000002b2d0000)]
  0x000000002236c000 JavaThread "jar transforms Thread 92" [_thread_blocked, id=14196, stack(0x000000002a6d0000,0x000000002a7d0000)]
  0x000000002236e000 JavaThread "jar transforms Thread 91" [_thread_blocked, id=8556, stack(0x000000002a5d0000,0x000000002a6d0000)]
  0x0000000022369000 JavaThread "jar transforms Thread 90" [_thread_blocked, id=14152, stack(0x000000002a4d0000,0x000000002a5d0000)]
  0x000000002236c800 JavaThread "jar transforms Thread 89" [_thread_blocked, id=14144, stack(0x000000002a3d0000,0x000000002a4d0000)]
  0x000000002236b000 JavaThread "jar transforms Thread 88" [_thread_blocked, id=11140, stack(0x000000002a2d0000,0x000000002a3d0000)]
  0x000000002236a800 JavaThread "jar transforms Thread 87" [_thread_blocked, id=10560, stack(0x000000002a1d0000,0x000000002a2d0000)]
  0x0000000022361800 JavaThread "jar transforms Thread 86" [_thread_blocked, id=2132, stack(0x000000002a0d0000,0x000000002a1d0000)]
  0x0000000022368000 JavaThread "jar transforms Thread 85" [_thread_blocked, id=2008, stack(0x0000000029fd0000,0x000000002a0d0000)]
  0x0000000022367800 JavaThread "jar transforms Thread 84" [_thread_blocked, id=11876, stack(0x0000000029ed0000,0x0000000029fd0000)]
  0x0000000022364800 JavaThread "jar transforms Thread 83" [_thread_blocked, id=9360, stack(0x0000000029dd0000,0x0000000029ed0000)]
  0x0000000022366800 JavaThread "jar transforms Thread 82" [_thread_blocked, id=4220, stack(0x0000000029cd0000,0x0000000029dd0000)]
  0x000000002235f000 JavaThread "jar transforms Thread 81" [_thread_blocked, id=13324, stack(0x0000000029bd0000,0x0000000029cd0000)]
  0x0000000022362000 JavaThread "jar transforms Thread 80" [_thread_blocked, id=4512, stack(0x0000000029ad0000,0x0000000029bd0000)]
  0x0000000022360800 JavaThread "jar transforms Thread 79" [_thread_blocked, id=3180, stack(0x00000000299d0000,0x0000000029ad0000)]
  0x0000000022366000 JavaThread "jar transforms Thread 78" [_thread_blocked, id=11144, stack(0x00000000298d0000,0x00000000299d0000)]
  0x0000000022363800 JavaThread "jar transforms Thread 77" [_thread_blocked, id=14308, stack(0x00000000297d0000,0x00000000298d0000)]
  0x0000000022365000 JavaThread "jar transforms Thread 76" [_thread_blocked, id=14320, stack(0x00000000296d0000,0x00000000297d0000)]
  0x0000000022360000 JavaThread "jar transforms Thread 75" [_thread_blocked, id=8012, stack(0x00000000295d0000,0x00000000296d0000)]
  0x0000000022363000 JavaThread "jar transforms Thread 74" [_thread_blocked, id=12488, stack(0x00000000294d0000,0x00000000295d0000)]
  0x0000000022446000 JavaThread "jar transforms Thread 73" [_thread_blocked, id=8248, stack(0x00000000293d0000,0x00000000294d0000)]
  0x0000000022443000 JavaThread "jar transforms Thread 72" [_thread_blocked, id=3512, stack(0x00000000292d0000,0x00000000293d0000)]
  0x0000000022441800 JavaThread "jar transforms Thread 71" [_thread_blocked, id=6512, stack(0x00000000291d0000,0x00000000292d0000)]
  0x0000000022445000 JavaThread "jar transforms Thread 70" [_thread_blocked, id=12180, stack(0x00000000290d0000,0x00000000291d0000)]
  0x0000000022444800 JavaThread "jar transforms Thread 69" [_thread_blocked, id=1316, stack(0x0000000028fd0000,0x00000000290d0000)]
  0x0000000022440000 JavaThread "jar transforms Thread 68" [_thread_blocked, id=8712, stack(0x0000000028ed0000,0x0000000028fd0000)]
  0x0000000022440800 JavaThread "jar transforms Thread 67" [_thread_blocked, id=11672, stack(0x0000000028dd0000,0x0000000028ed0000)]
  0x0000000022442000 JavaThread "jar transforms Thread 66" [_thread_blocked, id=13004, stack(0x0000000028cd0000,0x0000000028dd0000)]
  0x0000000022443800 JavaThread "jar transforms Thread 65" [_thread_blocked, id=5540, stack(0x0000000028bd0000,0x0000000028cd0000)]
  0x0000000022438800 JavaThread "jar transforms Thread 64" [_thread_blocked, id=7448, stack(0x0000000028ad0000,0x0000000028bd0000)]
  0x000000002243f000 JavaThread "jar transforms Thread 63" [_thread_blocked, id=1632, stack(0x00000000289d0000,0x0000000028ad0000)]
  0x000000002243e800 JavaThread "jar transforms Thread 62" [_thread_blocked, id=1392, stack(0x00000000288d0000,0x00000000289d0000)]
  0x0000000022437800 JavaThread "jar transforms Thread 61" [_thread_blocked, id=648, stack(0x00000000287d0000,0x00000000288d0000)]
  0x0000000022437000 JavaThread "jar transforms Thread 60" [_thread_blocked, id=5388, stack(0x00000000286d0000,0x00000000287d0000)]
  0x000000002243d800 JavaThread "jar transforms Thread 59" [_thread_blocked, id=11152, stack(0x00000000285d0000,0x00000000286d0000)]
  0x000000002243d000 JavaThread "jar transforms Thread 58" [_thread_blocked, id=10848, stack(0x00000000284d0000,0x00000000285d0000)]
  0x000000002243c000 JavaThread "jar transforms Thread 57" [_thread_blocked, id=8400, stack(0x00000000283d0000,0x00000000284d0000)]
  0x0000000022439000 JavaThread "jar transforms Thread 56" [_thread_blocked, id=12836, stack(0x00000000282d0000,0x00000000283d0000)]
  0x000000002243a800 JavaThread "jar transforms Thread 55" [_thread_blocked, id=5124, stack(0x00000000281d0000,0x00000000282d0000)]
  0x000000002243b800 JavaThread "jar transforms Thread 54" [_thread_blocked, id=3276, stack(0x00000000280d0000,0x00000000281d0000)]
  0x000000002243a000 JavaThread "jar transforms Thread 53" [_thread_blocked, id=13728, stack(0x0000000027fd0000,0x00000000280d0000)]
  0x000000001f5f7000 JavaThread "jar transforms Thread 52" [_thread_blocked, id=10852, stack(0x0000000027ed0000,0x0000000027fd0000)]
  0x000000001f5f6000 JavaThread "jar transforms Thread 51" [_thread_blocked, id=10372, stack(0x0000000027dd0000,0x0000000027ed0000)]
  0x000000001f5f4800 JavaThread "jar transforms Thread 50" [_thread_blocked, id=3864, stack(0x0000000027cd0000,0x0000000027dd0000)]
  0x000000001f5f3000 JavaThread "jar transforms Thread 49" [_thread_blocked, id=12020, stack(0x0000000027bd0000,0x0000000027cd0000)]
  0x000000001f5f8800 JavaThread "jar transforms Thread 48" [_thread_blocked, id=10976, stack(0x0000000027ad0000,0x0000000027bd0000)]
  0x000000001f5f2800 JavaThread "jar transforms Thread 47" [_thread_blocked, id=2324, stack(0x00000000279d0000,0x0000000027ad0000)]
  0x000000001f5f7800 JavaThread "jar transforms Thread 46" [_thread_blocked, id=5452, stack(0x00000000278d0000,0x00000000279d0000)]
  0x000000001f5f4000 JavaThread "jar transforms Thread 45" [_thread_blocked, id=7284, stack(0x00000000277d0000,0x00000000278d0000)]
  0x000000001f5f5800 JavaThread "jar transforms Thread 44" [_thread_blocked, id=10944, stack(0x00000000276d0000,0x00000000277d0000)]
  0x000000001f5ef800 JavaThread "jar transforms Thread 43" [_thread_blocked, id=2968, stack(0x00000000275d0000,0x00000000276d0000)]
  0x000000001f5f1800 JavaThread "jar transforms Thread 42" [_thread_blocked, id=1432, stack(0x00000000274d0000,0x00000000275d0000)]
  0x000000001f5ea000 JavaThread "jar transforms Thread 41" [_thread_blocked, id=6640, stack(0x00000000273d0000,0x00000000274d0000)]
  0x000000001f5eb800 JavaThread "jar transforms Thread 40" [_thread_blocked, id=10548, stack(0x00000000272d0000,0x00000000273d0000)]
  0x000000001f5ee800 JavaThread "jar transforms Thread 39" [_thread_blocked, id=3248, stack(0x00000000271d0000,0x00000000272d0000)]
  0x000000001f5eb000 JavaThread "jar transforms Thread 38" [_thread_blocked, id=6612, stack(0x00000000270d0000,0x00000000271d0000)]
  0x000000001f5f1000 JavaThread "jar transforms Thread 37" [_thread_blocked, id=13096, stack(0x0000000026fd0000,0x00000000270d0000)]
  0x000000001f5ec800 JavaThread "jar transforms Thread 36" [_thread_blocked, id=11124, stack(0x0000000026ed0000,0x0000000026fd0000)]
  0x000000001f5ed000 JavaThread "jar transforms Thread 35" [_thread_blocked, id=10676, stack(0x0000000026dd0000,0x0000000026ed0000)]
  0x000000001f5f0000 JavaThread "jar transforms Thread 34" [_thread_blocked, id=8088, stack(0x0000000026cd0000,0x0000000026dd0000)]
  0x000000001f5e9800 JavaThread "jar transforms Thread 33" [_thread_blocked, id=14280, stack(0x0000000026bd0000,0x0000000026cd0000)]
  0x000000001f5ee000 JavaThread "jar transforms Thread 32" [_thread_blocked, id=9576, stack(0x0000000026ad0000,0x0000000026bd0000)]
  0x0000000022066000 JavaThread "jar transforms Thread 31" [_thread_blocked, id=9112, stack(0x00000000269d0000,0x0000000026ad0000)]
  0x0000000022065000 JavaThread "jar transforms Thread 30" [_thread_blocked, id=2480, stack(0x00000000268d0000,0x00000000269d0000)]
  0x0000000022064800 JavaThread "jar transforms Thread 29" [_thread_blocked, id=464, stack(0x00000000267d0000,0x00000000268d0000)]
  0x000000002205d000 JavaThread "jar transforms Thread 28" [_thread_blocked, id=14228, stack(0x00000000266d0000,0x00000000267d0000)]
  0x0000000022063000 JavaThread "jar transforms Thread 27" [_thread_blocked, id=12496, stack(0x00000000265d0000,0x00000000266d0000)]
  0x0000000022063800 JavaThread "jar transforms Thread 26" [_thread_blocked, id=9732, stack(0x00000000264d0000,0x00000000265d0000)]
  0x000000002205b800 JavaThread "jar transforms Thread 25" [_thread_blocked, id=9428, stack(0x00000000263d0000,0x00000000264d0000)]
  0x0000000022061800 JavaThread "jar transforms Thread 24" [_thread_blocked, id=13684, stack(0x00000000262d0000,0x00000000263d0000)]
  0x0000000022060800 JavaThread "jar transforms Thread 23" [_thread_blocked, id=5300, stack(0x00000000261d0000,0x00000000262d0000)]
  0x000000002205c000 JavaThread "jar transforms Thread 22" [_thread_blocked, id=9356, stack(0x00000000260d0000,0x00000000261d0000)]
  0x0000000022062000 JavaThread "jar transforms Thread 21" [_thread_blocked, id=12864, stack(0x0000000025fd0000,0x00000000260d0000)]
  0x0000000022059000 JavaThread "jar transforms Thread 20" [_thread_blocked, id=7580, stack(0x0000000025ed0000,0x0000000025fd0000)]
  0x0000000022060000 JavaThread "jar transforms Thread 19" [_thread_blocked, id=9496, stack(0x0000000025dd0000,0x0000000025ed0000)]
  0x000000002205a800 JavaThread "jar transforms Thread 18" [_thread_blocked, id=8480, stack(0x0000000025cd0000,0x0000000025dd0000)]
  0x000000002205d800 JavaThread "jar transforms Thread 17" [_thread_blocked, id=11776, stack(0x0000000025bd0000,0x0000000025cd0000)]
  0x000000002205f000 JavaThread "jar transforms Thread 16" [_thread_blocked, id=1300, stack(0x0000000025ad0000,0x0000000025bd0000)]
  0x000000002205a000 JavaThread "jar transforms Thread 15" [_thread_blocked, id=10472, stack(0x00000000259d0000,0x0000000025ad0000)]
  0x000000002205e800 JavaThread "jar transforms Thread 14" [_thread_blocked, id=9336, stack(0x00000000258d0000,0x00000000259d0000)]
  0x0000000022057800 JavaThread "jar transforms Thread 13" [_thread_blocked, id=10556, stack(0x00000000257d0000,0x00000000258d0000)]
  0x0000000022057000 JavaThread "jar transforms Thread 12" [_thread_blocked, id=7068, stack(0x00000000256d0000,0x00000000257d0000)]
  0x0000000022058800 JavaThread "jar transforms Thread 11" [_thread_blocked, id=12144, stack(0x00000000255d0000,0x00000000256d0000)]
  0x0000000020b8c800 JavaThread "jar transforms Thread 10" [_thread_blocked, id=1112, stack(0x00000000254d0000,0x00000000255d0000)]
  0x0000000020b8d800 JavaThread "jar transforms Thread 9" [_thread_blocked, id=9480, stack(0x00000000253d0000,0x00000000254d0000)]
  0x0000000020b8b000 JavaThread "jar transforms Thread 8" [_thread_blocked, id=8776, stack(0x00000000252d0000,0x00000000253d0000)]
  0x0000000020b8a800 JavaThread "jar transforms Thread 7" [_thread_blocked, id=844, stack(0x00000000251d0000,0x00000000252d0000)]
  0x0000000020b91000 JavaThread "jar transforms Thread 6" [_thread_blocked, id=12024, stack(0x00000000250d0000,0x00000000251d0000)]
  0x0000000020b8c000 JavaThread "jar transforms Thread 5" [_thread_blocked, id=1336, stack(0x0000000024fd0000,0x00000000250d0000)]
  0x0000000020b90800 JavaThread "jar transforms Thread 4" [_thread_blocked, id=10268, stack(0x0000000024c10000,0x0000000024d10000)]
  0x0000000020b8f800 JavaThread "jar transforms Thread 3" [_thread_blocked, id=9248, stack(0x0000000024ed0000,0x0000000024fd0000)]
  0x0000000020b8e000 JavaThread "jar transforms Thread 2" [_thread_blocked, id=8744, stack(0x0000000024dd0000,0x0000000024ed0000)]
  0x000000001c716000 JavaThread "Cache worker for file content cache (C:\Users\DUYEN\.gradle\caches\6.5\fileContent)" [_thread_blocked, id=9124, stack(0x0000000022d40000,0x0000000022e40000)]
  0x000000001c714000 JavaThread "jar transforms" [_thread_blocked, id=14176, stack(0x0000000022c40000,0x0000000022d40000)]
  0x000000001c713000 JavaThread "Cache worker for execution history cache (C:\Users\DUYEN\.gradle\caches\6.5\executionHistory)" [_thread_blocked, id=11784, stack(0x0000000022540000,0x0000000022640000)]
  0x000000001c711000 JavaThread "Cache worker for file hash cache (C:\Users\DUYEN\.gradle\caches\6.5\fileHashes)" [_thread_blocked, id=13392, stack(0x000000001e920000,0x000000001ea20000)]
  0x000000001c717000 JavaThread "File lock request listener" [_thread_in_native, id=14256, stack(0x000000001e820000,0x000000001e920000)]
  0x000000001c41b800 JavaThread "Cache worker for journal cache (C:\Users\DUYEN\.gradle\caches\journal-1)" [_thread_blocked, id=3960, stack(0x000000001e720000,0x000000001e820000)]
  0x000000001ab99800 JavaThread "Daemon worker" [_thread_in_Java, id=6956, stack(0x000000001e120000,0x000000001e220000)]
  0x000000001c3f6000 JavaThread "Daemon" [_thread_blocked, id=7044, stack(0x000000001db20000,0x000000001dc20000)]
  0x000000001c3d8800 JavaThread "Daemon periodic checks" [_thread_blocked, id=12068, stack(0x000000001da20000,0x000000001db20000)]
  0x000000001c388000 JavaThread "Incoming local TCP Connector on port 52189" [_thread_in_native, id=4860, stack(0x000000001d7e0000,0x000000001d8e0000)]
  0x000000001c2be800 JavaThread "Daemon health stats" [_thread_blocked, id=1996, stack(0x000000001d1a0000,0x000000001d2a0000)]
  0x00000000199cf800 JavaThread "Service Thread" daemon [_thread_blocked, id=5656, stack(0x000000001a600000,0x000000001a700000)]
  0x000000001993e000 JavaThread "C1 CompilerThread3" daemon [_thread_in_native, id=12884, stack(0x000000001a500000,0x000000001a600000)]
  0x000000001993a000 JavaThread "C2 CompilerThread2" daemon [_thread_in_native, id=6192, stack(0x000000001a400000,0x000000001a500000)]
  0x0000000017b2e800 JavaThread "C2 CompilerThread1" daemon [_thread_in_native, id=8212, stack(0x000000001a300000,0x000000001a400000)]
=>0x0000000017b2b800 JavaThread "C2 CompilerThread0" daemon [_thread_in_native, id=9884, stack(0x000000001a200000,0x000000001a300000)]
  0x0000000017b29000 JavaThread "Attach Listener" daemon [_thread_blocked, id=11656, stack(0x000000001a100000,0x000000001a200000)]
  0x0000000019936000 JavaThread "Signal Dispatcher" daemon [_thread_blocked, id=10772, stack(0x000000001a000000,0x000000001a100000)]
  0x0000000002aae000 JavaThread "Finalizer" daemon [_thread_blocked, id=3156, stack(0x0000000019e00000,0x0000000019f00000)]
  0x0000000002aa7000 JavaThread "Reference Handler" daemon [_thread_blocked, id=8684, stack(0x0000000019d00000,0x0000000019e00000)]
  0x0000000000b4e800 JavaThread "main" [_thread_blocked, id=9676, stack(0x00000000027c0000,0x00000000028c0000)]

Other Threads:
  0x0000000017b16000 VMThread [stack: 0x0000000019800000,0x0000000019900000] [id=5944]
  0x00000000199d0800 WatcherThread [stack: 0x000000001a700000,0x000000001a800000] [id=14224]

VM state:not at safepoint (normal execution)

VM Mutex/Monitor currently owned by a thread:  ([mutex/lock_event])
[0x00000000029b0750] Compile_lock - owner thread: 0x000000001993e000
[0x00000000029b1950] MethodCompileQueue_lock - owner thread: 0x000000001993e000

heap address: 0x0000000080000000, size: 2048 MB, Compressed Oops mode: 32-bit
Narrow klass base: 0x0000000000000000, Narrow klass shift: 3
Compressed class space size: 1073741824 Address: 0x0000000100000000

Heap:
 PSYoungGen      total 321024K, used 65220K [0x00000000d5580000, 0x00000000ea580000, 0x0000000100000000)
  eden space 297984K, 14% used [0x00000000d5580000,0x00000000d802acd0,0x00000000e7880000)
  from space 23040K, 93% used [0x00000000e7880000,0x00000000e8d865f8,0x00000000e8f00000)
  to   space 17920K, 0% used [0x00000000e8f80000,0x00000000e8f80000,0x00000000ea100000)
 ParOldGen       total 118784K, used 35622K [0x0000000080000000, 0x0000000087400000, 0x00000000d5580000)
  object space 118784K, 29% used [0x0000000080000000,0x00000000822c9b68,0x0000000087400000)
 Metaspace       used 67396K, capacity 70832K, committed 70936K, reserved 1110016K
  class space    used 9089K, capacity 9745K, committed 9776K, reserved 1048576K

Card table byte_map: [0x0000000011e70000,0x0000000012280000] byte_map_base: 0x0000000011a70000

Marking Bits: (ParMarkBitMap*) 0x0000000052d9f030
 Begin Bits: [0x0000000012d30000, 0x0000000014d30000)
 End Bits:   [0x0000000014d30000, 0x0000000016d30000)

Polling page: 0x0000000000b30000

CodeCache: size=245760Kb used=22401Kb max_used=22665Kb free=223358Kb
 bounds [0x0000000002ab0000, 0x0000000004100000, 0x0000000011ab0000]
 total_blobs=7974 nmethods=7189 adapters=697
 compilation: enabled

Compilation events (10 events):
Event: 28.689 Thread 0x000000001993e000 8295       3       java.util.Collections$SingletonSet::contains (9 bytes)
Event: 28.690 Thread 0x000000001993e000 nmethod 8295 0x000000000363da50 code [0x000000000363dbc0, 0x000000000363dee8]
Event: 28.690 Thread 0x000000001993e000 8301       3       org.gradle.api.internal.collections.DefaultDomainObjectCollectionFactory::newDomainObjectSet (40 bytes)
Event: 28.691 Thread 0x000000001993e000 nmethod 8301 0x000000000326e190 code [0x000000000326e340, 0x000000000326ea48]
Event: 28.691 Thread 0x000000001993e000 8302       3       org.gradle.api.internal.artifacts.configurations.DefaultConfiguration::access$1500 (5 bytes)
Event: 28.691 Thread 0x000000001993e000 nmethod 8302 0x00000000039bac90 code [0x00000000039bae00, 0x00000000039baf68]
Event: 28.691 Thread 0x000000001993e000 8304   !   3       org.gradle.internal.event.DefaultListenerManager::getBroadcasterInternal (155 bytes)
Event: 28.692 Thread 0x000000001993e000 nmethod 8304 0x00000000037b0fd0 code [0x00000000037b1260, 0x00000000037b22c8]
Event: 28.694 Thread 0x000000001993e000 8305       3       org.gradle.api.internal.collections.AbstractIterationOrderRetainingElementSource::constantTimeIsEmpty (10 bytes)
Event: 28.694 Thread 0x000000001993e000 nmethod 8305 0x00000000033df990 code [0x00000000033dfb00, 0x00000000033dfd28]

GC Heap History (10 events):
Event: 4.388 GC heap before
{Heap before GC invocations=10 (full 2):
 PSYoungGen      total 238592K, used 8299K [0x00000000d5580000, 0x00000000e4e80000, 0x0000000100000000)
  eden space 226304K, 0% used [0x00000000d5580000,0x00000000d5580000,0x00000000e3280000)
  from space 12288K, 67% used [0x00000000e4280000,0x00000000e4a9ad98,0x00000000e4e80000)
  to   space 14336K, 0% used [0x00000000e3280000,0x00000000e3280000,0x00000000e4080000)
 ParOldGen       total 53248K, used 9242K [0x0000000080000000, 0x0000000083400000, 0x00000000d5580000)
  object space 53248K, 17% used [0x0000000080000000,0x0000000080906b58,0x0000000083400000)
 Metaspace       used 34344K, capacity 35420K, committed 35496K, reserved 1079296K
  class space    used 4734K, capacity 5003K, committed 5040K, reserved 1048576K
Event: 4.433 GC heap after
Heap after GC invocations=10 (full 2):
 PSYoungGen      total 238592K, used 0K [0x00000000d5580000, 0x00000000e4e80000, 0x0000000100000000)
  eden space 226304K, 0% used [0x00000000d5580000,0x00000000d5580000,0x00000000e3280000)
  from space 12288K, 0% used [0x00000000e4280000,0x00000000e4280000,0x00000000e4e80000)
  to   space 14336K, 0% used [0x00000000e3280000,0x00000000e3280000,0x00000000e4080000)
 ParOldGen       total 76800K, used 14588K [0x0000000080000000, 0x0000000084b00000, 0x00000000d5580000)
  object space 76800K, 18% used [0x0000000080000000,0x0000000080e3f1b8,0x0000000084b00000)
 Metaspace       used 34344K, capacity 35420K, committed 35496K, reserved 1079296K
  class space    used 4734K, capacity 5003K, committed 5040K, reserved 1048576K
}
Event: 6.255 GC heap before
{Heap before GC invocations=11 (full 2):
 PSYoungGen      total 238592K, used 226304K [0x00000000d5580000, 0x00000000e4e80000, 0x0000000100000000)
  eden space 226304K, 100% used [0x00000000d5580000,0x00000000e3280000,0x00000000e3280000)
  from space 12288K, 0% used [0x00000000e4280000,0x00000000e4280000,0x00000000e4e80000)
  to   space 14336K, 0% used [0x00000000e3280000,0x00000000e3280000,0x00000000e4080000)
 ParOldGen       total 76800K, used 14588K [0x0000000080000000, 0x0000000084b00000, 0x00000000d5580000)
  object space 76800K, 18% used [0x0000000080000000,0x0000000080e3f1b8,0x0000000084b00000)
 Metaspace       used 46849K, capacity 48776K, committed 48936K, reserved 1091584K
  class space    used 6343K, capacity 6700K, committed 6704K, reserved 1048576K
Event: 6.270 GC heap after
Heap after GC invocations=11 (full 2):
 PSYoungGen      total 240640K, used 14307K [0x00000000d5580000, 0x00000000ea100000, 0x0000000100000000)
  eden space 226304K, 0% used [0x00000000d5580000,0x00000000d5580000,0x00000000e3280000)
  from space 14336K, 99% used [0x00000000e3280000,0x00000000e4078e68,0x00000000e4080000)
  to   space 17920K, 0% used [0x00000000e8f80000,0x00000000e8f80000,0x00000000ea100000)
 ParOldGen       total 76800K, used 18611K [0x0000000080000000, 0x0000000084b00000, 0x00000000d5580000)
  object space 76800K, 24% used [0x0000000080000000,0x000000008122ce50,0x0000000084b00000)
 Metaspace       used 46849K, capacity 48776K, committed 48936K, reserved 1091584K
  class space    used 6343K, capacity 6700K, committed 6704K, reserved 1048576K
}
Event: 7.918 GC heap before
{Heap before GC invocations=12 (full 2):
 PSYoungGen      total 240640K, used 134554K [0x00000000d5580000, 0x00000000ea100000, 0x0000000100000000)
  eden space 226304K, 53% used [0x00000000d5580000,0x00000000dcaedaf0,0x00000000e3280000)
  from space 14336K, 99% used [0x00000000e3280000,0x00000000e4078e68,0x00000000e4080000)
  to   space 17920K, 0% used [0x00000000e8f80000,0x00000000e8f80000,0x00000000ea100000)
 ParOldGen       total 76800K, used 18611K [0x0000000080000000, 0x0000000084b00000, 0x00000000d5580000)
  object space 76800K, 24% used [0x0000000080000000,0x000000008122ce50,0x0000000084b00000)
 Metaspace       used 56753K, capacity 59058K, committed 59160K, reserved 1099776K
  class space    used 7773K, capacity 8218K, committed 8240K, reserved 1048576K
Event: 7.937 GC heap after
Heap after GC invocations=12 (full 2):
 PSYoungGen      total 315904K, used 17892K [0x00000000d5580000, 0x00000000ea580000, 0x0000000100000000)
  eden space 297984K, 0% used [0x00000000d5580000,0x00000000d5580000,0x00000000e7880000)
  from space 17920K, 99% used [0x00000000e8f80000,0x00000000ea0f9388,0x00000000ea100000)
  to   space 23040K, 0% used [0x00000000e7880000,0x00000000e7880000,0x00000000e8f00000)
 ParOldGen       total 76800K, used 24553K [0x0000000080000000, 0x0000000084b00000, 0x00000000d5580000)
  object space 76800K, 31% used [0x0000000080000000,0x00000000817fa6e0,0x0000000084b00000)
 Metaspace       used 56753K, capacity 59058K, committed 59160K, reserved 1099776K
  class space    used 7773K, capacity 8218K, committed 8240K, reserved 1048576K
}
Event: 7.937 GC heap before
{Heap before GC invocations=13 (full 3):
 PSYoungGen      total 315904K, used 17892K [0x00000000d5580000, 0x00000000ea580000, 0x0000000100000000)
  eden space 297984K, 0% used [0x00000000d5580000,0x00000000d5580000,0x00000000e7880000)
  from space 17920K, 99% used [0x00000000e8f80000,0x00000000ea0f9388,0x00000000ea100000)
  to   space 23040K, 0% used [0x00000000e7880000,0x00000000e7880000,0x00000000e8f00000)
 ParOldGen       total 76800K, used 24553K [0x0000000080000000, 0x0000000084b00000, 0x00000000d5580000)
  object space 76800K, 31% used [0x0000000080000000,0x00000000817fa6e0,0x0000000084b00000)
 Metaspace       used 56753K, capacity 59058K, committed 59160K, reserved 1099776K
  class space    used 7773K, capacity 8218K, committed 8240K, reserved 1048576K
Event: 8.133 GC heap after
Heap after GC invocations=13 (full 3):
 PSYoungGen      total 315904K, used 0K [0x00000000d5580000, 0x00000000ea580000, 0x0000000100000000)
  eden space 297984K, 0% used [0x00000000d5580000,0x00000000d5580000,0x00000000e7880000)
  from space 17920K, 0% used [0x00000000e8f80000,0x00000000e8f80000,0x00000000ea100000)
  to   space 23040K, 0% used [0x00000000e7880000,0x00000000e7880000,0x00000000e8f00000)
 ParOldGen       total 118784K, used 35614K [0x0000000080000000, 0x0000000087400000, 0x00000000d5580000)
  object space 118784K, 29% used [0x0000000080000000,0x00000000822c7b68,0x0000000087400000)
 Metaspace       used 56708K, capacity 58908K, committed 59160K, reserved 1099776K
  class space    used 7759K, capacity 8193K, committed 8240K, reserved 1048576K
}
Event: 28.621 GC heap before
{Heap before GC invocations=14 (full 3):
 PSYoungGen      total 315904K, used 297984K [0x00000000d5580000, 0x00000000ea580000, 0x0000000100000000)
  eden space 297984K, 100% used [0x00000000d5580000,0x00000000e7880000,0x00000000e7880000)
  from space 17920K, 0% used [0x00000000e8f80000,0x00000000e8f80000,0x00000000ea100000)
  to   space 23040K, 0% used [0x00000000e7880000,0x00000000e7880000,0x00000000e8f00000)
 ParOldGen       total 118784K, used 35614K [0x0000000080000000, 0x0000000087400000, 0x00000000d5580000)
  object space 118784K, 29% used [0x0000000080000000,0x00000000822c7b68,0x0000000087400000)
 Metaspace       used 67338K, capacity 70776K, committed 70936K, reserved 1110016K
  class space    used 9085K, capacity 9737K, committed 9776K, reserved 1048576K
Event: 28.642 GC heap after
Heap after GC invocations=14 (full 3):
 PSYoungGen      total 321024K, used 21529K [0x00000000d5580000, 0x00000000ea580000, 0x0000000100000000)
  eden space 297984K, 0% used [0x00000000d5580000,0x00000000d5580000,0x00000000e7880000)
  from space 23040K, 93% used [0x00000000e7880000,0x00000000e8d865f8,0x00000000e8f00000)
  to   space 17920K, 0% used [0x00000000e8f80000,0x00000000e8f80000,0x00000000ea100000)
 ParOldGen       total 118784K, used 35622K [0x0000000080000000, 0x0000000087400000, 0x00000000d5580000)
  object space 118784K, 29% used [0x0000000080000000,0x00000000822c9b68,0x0000000087400000)
 Metaspace       used 67338K, capacity 70776K, committed 70936K, reserved 1110016K
  class space    used 9085K, capacity 9737K, committed 9776K, reserved 1048576K
}

Deoptimization events (10 events):
Event: 28.468 Thread 0x000000001ab99800 Uncommon trap: reason=bimorphic action=maybe_recompile pc=0x000000000346d644 method=java.util.Objects.equals(Ljava/lang/Object;Ljava/lang/Object;)Z @ 11
Event: 28.468 Thread 0x000000001ab99800 Uncommon trap: reason=bimorphic action=maybe_recompile pc=0x000000000346d644 method=java.util.Objects.equals(Ljava/lang/Object;Ljava/lang/Object;)Z @ 11
Event: 28.607 Thread 0x000000001ab99800 Uncommon trap: reason=class_check action=maybe_recompile pc=0x0000000003ff132c method=org.gradle.internal.vfs.impl.DefaultVirtualFileSystem.readLocation(Ljava/lang/String;)Lorg/gradle/internal/snapshot/CompleteFileSystemLocationSnapshot; @ 8
Event: 28.607 Thread 0x000000001ab99800 Uncommon trap: reason=class_check action=maybe_recompile pc=0x0000000003ff1358 method=org.gradle.internal.vfs.impl.DefaultSnapshotHierarchy.getMetadata(Ljava/lang/String;)Ljava/util/Optional; @ 9
Event: 28.607 Thread 0x000000001ab99800 Uncommon trap: reason=class_check action=maybe_recompile pc=0x0000000003fd9434 method=org.gradle.internal.vfs.impl.DefaultSnapshotHierarchy.getMetadata(Ljava/lang/String;)Ljava/util/Optional; @ 9
Event: 28.608 Thread 0x000000001ab99800 Uncommon trap: reason=bimorphic action=maybe_recompile pc=0x0000000003ff1458 method=org.gradle.internal.vfs.impl.DefaultVirtualFileSystem.read(Ljava/lang/String;Ljava/util/function/Function;)Ljava/lang/Object; @ 6
Event: 28.609 Thread 0x000000001ab99800 Uncommon trap: reason=bimorphic action=maybe_recompile pc=0x0000000003ff1458 method=org.gradle.internal.vfs.impl.DefaultVirtualFileSystem.read(Ljava/lang/String;Ljava/util/function/Function;)Ljava/lang/Object; @ 6
Event: 28.609 Thread 0x000000001ab99800 Uncommon trap: reason=bimorphic action=maybe_recompile pc=0x0000000003ff1458 method=org.gradle.internal.vfs.impl.DefaultVirtualFileSystem.read(Ljava/lang/String;Ljava/util/function/Function;)Ljava/lang/Object; @ 6
Event: 28.609 Thread 0x000000001ab99800 Uncommon trap: reason=bimorphic action=maybe_recompile pc=0x0000000003ff1458 method=org.gradle.internal.vfs.impl.DefaultVirtualFileSystem.read(Ljava/lang/String;Ljava/util/function/Function;)Ljava/lang/Object; @ 6
Event: 28.642 Thread 0x0000000002aa7000 Uncommon trap: reason=unstable_if action=reinterpret pc=0x0000000003a8acf8 method=java.lang.ref.Reference.tryHandlePending(Z)Z @ 20

Classes redefined (0 events):
No events

Internal exceptions (10 events):
Event: 10.163 Thread 0x0000000020276800 Exception <a 'sun/nio/fs/WindowsException'> (0x00000000dfd44140) thrown at [C:\src\AOSP-openjdk-git\hotspot\src\share\vm\prims\jni.cpp, line 710]
Event: 10.164 Thread 0x0000000020276800 Exception <a 'sun/nio/fs/WindowsException'> (0x00000000dfd45388) thrown at [C:\src\AOSP-openjdk-git\hotspot\src\share\vm\prims\jni.cpp, line 710]
Event: 10.167 Thread 0x0000000020276800 Exception <a 'sun/nio/fs/WindowsException'> (0x00000000dfd78420) thrown at [C:\src\AOSP-openjdk-git\hotspot\src\share\vm\prims\jni.cpp, line 710]
Event: 10.167 Thread 0x0000000020276800 Exception <a 'sun/nio/fs/WindowsException'> (0x00000000dfd79120) thrown at [C:\src\AOSP-openjdk-git\hotspot\src\share\vm\prims\jni.cpp, line 710]
Event: 10.168 Thread 0x0000000020276800 Exception <a 'sun/nio/fs/WindowsException'> (0x00000000dfd7b1d0) thrown at [C:\src\AOSP-openjdk-git\hotspot\src\share\vm\prims\jni.cpp, line 710]
Event: 10.168 Thread 0x0000000020276800 Exception <a 'sun/nio/fs/WindowsException'> (0x00000000dfd7bee0) thrown at [C:\src\AOSP-openjdk-git\hotspot\src\share\vm\prims\jni.cpp, line 710]
Event: 10.299 Thread 0x0000000020276800 Exception <a 'sun/nio/fs/WindowsException'> (0x00000000e08f0590) thrown at [C:\src\AOSP-openjdk-git\hotspot\src\share\vm\prims\jni.cpp, line 710]
Event: 10.299 Thread 0x0000000020276800 Exception <a 'sun/nio/fs/WindowsException'> (0x00000000e08f1278) thrown at [C:\src\AOSP-openjdk-git\hotspot\src\share\vm\prims\jni.cpp, line 710]
Event: 27.797 Thread 0x0000000020272000 Exception <a 'java/lang/NoSuchMethodError': java.lang.Object.lambda$comparingInt$7b0bb60$1(Ljava/util/function/ToIntFunction;Ljava/lang/Object;Ljava/lang/Object;)I> (0x00000000e4ed7c60) thrown at [C:\src\AOSP-openjdk-git\hotspot\src\share\vm\interpreter\l
Event: 28.673 Thread 0x000000001ab99800 Exception <a 'sun/nio/fs/WindowsException'> (0x00000000d61e6c78) thrown at [C:\src\AOSP-openjdk-git\hotspot\src\share\vm\prims\jni.cpp, line 710]

Events (10 events):
Event: 28.669 Thread 0x000000001993e000 flushing nmethod 0x0000000003c72690
Event: 28.669 Thread 0x000000001993e000 flushing nmethod 0x0000000003c85fd0
Event: 28.669 Thread 0x000000001993e000 flushing nmethod 0x0000000003c8c9d0
Event: 28.669 Thread 0x000000001993e000 flushing nmethod 0x0000000003cb9290
Event: 28.669 Thread 0x000000001993e000 flushing nmethod 0x0000000003cde750
Event: 28.670 Thread 0x000000001993e000 flushing nmethod 0x0000000003d43090
Event: 28.670 Thread 0x000000001993e000 flushing nmethod 0x0000000003e18a50
Event: 28.670 Thread 0x000000001993e000 flushing nmethod 0x0000000003e38f50
Event: 28.671 Thread 0x000000001993e000 flushing nmethod 0x0000000003e8c350
Event: 28.675 Thread 0x0000000020281000 Thread added: 0x0000000020281000


Dynamic libraries:
0x00007ff7452b0000 - 0x00007ff7452e1000 	C:\Program Files\Android\Android Studio\jre\bin\java.exe
0x00007fff068c0000 - 0x00007fff06ab0000 	C:\Windows\SYSTEM32\ntdll.dll
0x00007fff05830000 - 0x00007fff058e2000 	C:\Windows\System32\KERNEL32.DLL
0x00007fff039e0000 - 0x00007fff03c85000 	C:\Windows\System32\KERNELBASE.dll
0x00007fff06600000 - 0x00007fff066a3000 	C:\Windows\System32\ADVAPI32.dll
0x00007fff062c0000 - 0x00007fff0635e000 	C:\Windows\System32\msvcrt.dll
0x00007fff05cd0000 - 0x00007fff05d67000 	C:\Windows\System32\sechost.dll
0x00007fff04f70000 - 0x00007fff05090000 	C:\Windows\System32\RPCRT4.dll
0x00007fff05ac0000 - 0x00007fff05c54000 	C:\Windows\System32\USER32.dll
0x00007fff04820000 - 0x00007fff04841000 	C:\Windows\System32\win32u.dll
0x00007fff064e0000 - 0x00007fff06506000 	C:\Windows\System32\GDI32.dll
0x00007fff03840000 - 0x00007fff039d6000 	C:\Windows\System32\gdi32full.dll
0x00007fff03ea0000 - 0x00007fff03f3e000 	C:\Windows\System32\msvcp_win.dll
0x00007fff04870000 - 0x00007fff0496a000 	C:\Windows\System32\ucrtbase.dll
0x00007ffef6d40000 - 0x00007ffef6fc4000 	C:\Windows\WinSxS\amd64_microsoft.windows.common-controls_6595b64144ccf1df_6.0.18362.1198_none_9e820b57e45ad92f\COMCTL32.dll
0x00007fff04980000 - 0x00007fff04cb5000 	C:\Windows\System32\combase.dll
0x00007fff03d40000 - 0x00007fff03dc0000 	C:\Windows\System32\bcryptPrimitives.dll
0x00007fff05a90000 - 0x00007fff05abe000 	C:\Windows\System32\IMM32.DLL
0x00000000524f0000 - 0x00000000525c2000 	C:\Program Files\Android\Android Studio\jre\jre\bin\msvcr100.dll
0x00000000525d0000 - 0x0000000052e1b000 	C:\Program Files\Android\Android Studio\jre\jre\bin\server\jvm.dll
0x00007fff04970000 - 0x00007fff04978000 	C:\Windows\System32\PSAPI.DLL
0x00007ffee7b70000 - 0x00007ffee7b79000 	C:\Windows\SYSTEM32\WSOCK32.dll
0x00007ffeffc30000 - 0x00007ffeffc54000 	C:\Windows\SYSTEM32\WINMM.dll
0x00007ffefeba0000 - 0x00007ffefebaa000 	C:\Windows\SYSTEM32\VERSION.dll
0x00007fff06810000 - 0x00007fff0687f000 	C:\Windows\System32\WS2_32.dll
0x00007ffeffc00000 - 0x00007ffeffc2d000 	C:\Windows\SYSTEM32\winmmbase.dll
0x00007fff03e20000 - 0x00007fff03e6a000 	C:\Windows\System32\cfgmgr32.dll
0x00007fff00330000 - 0x00007fff0033f000 	C:\Program Files\Android\Android Studio\jre\jre\bin\verify.dll
0x00007ffef38d0000 - 0x00007ffef38f9000 	C:\Program Files\Android\Android Studio\jre\jre\bin\java.dll
0x00007ffef38b0000 - 0x00007ffef38c6000 	C:\Program Files\Android\Android Studio\jre\jre\bin\zip.dll
0x00007fff05090000 - 0x00007fff05777000 	C:\Windows\System32\SHELL32.dll
0x00007fff05780000 - 0x00007fff05829000 	C:\Windows\System32\shcore.dll
0x00007fff03f40000 - 0x00007fff046c1000 	C:\Windows\System32\windows.storage.dll
0x00007fff03810000 - 0x00007fff03833000 	C:\Windows\System32\profapi.dll
0x00007fff037a0000 - 0x00007fff037ea000 	C:\Windows\System32\powrprof.dll
0x00007fff03770000 - 0x00007fff03780000 	C:\Windows\System32\UMPDC.dll
0x00007fff058f0000 - 0x00007fff05942000 	C:\Windows\System32\shlwapi.dll
0x00007fff03780000 - 0x00007fff03791000 	C:\Windows\System32\kernel.appcore.dll
0x00007fff04850000 - 0x00007fff04867000 	C:\Windows\System32\cryptsp.dll
0x00007ffef29c0000 - 0x00007ffef29da000 	C:\Program Files\Android\Android Studio\jre\jre\bin\net.dll
0x00007fff02940000 - 0x00007fff029a7000 	C:\Windows\system32\mswsock.dll
0x00007ffef29a0000 - 0x00007ffef29b3000 	C:\Program Files\Android\Android Studio\jre\jre\bin\nio.dll
0x00007ffed28c0000 - 0x00007ffed28e7000 	C:\Users\DUYEN\.gradle\native\f6784746aeab05261644944871eae4fe03e0ef1612fff0a4a95f87b438bc6780\windows-amd64\native-platform.dll
0x00007fff002b0000 - 0x00007fff002bd000 	C:\Program Files\Android\Android Studio\jre\jre\bin\management.dll
0x00007fff024b0000 - 0x00007fff024e3000 	C:\Windows\system32\rsaenh.dll
0x00007fff03e70000 - 0x00007fff03e96000 	C:\Windows\System32\bcrypt.dll
0x00007fff03690000 - 0x00007fff036b5000 	C:\Windows\SYSTEM32\USERENV.dll
0x00007fff02b10000 - 0x00007fff02b1c000 	C:\Windows\SYSTEM32\CRYPTBASE.dll
0x00007fff02650000 - 0x00007fff0268a000 	C:\Windows\SYSTEM32\IPHLPAPI.DLL
0x00007fff065f0000 - 0x00007fff065f8000 	C:\Windows\System32\NSI.dll
0x00007ffef9570000 - 0x00007ffef9586000 	C:\Windows\SYSTEM32\dhcpcsvc6.DLL
0x00007ffef9890000 - 0x00007ffef98ac000 	C:\Windows\SYSTEM32\dhcpcsvc.DLL
0x00007fff02690000 - 0x00007fff0275b000 	C:\Windows\SYSTEM32\DNSAPI.dll
0x00007ffefca20000 - 0x00007ffefca2b000 	C:\Windows\SYSTEM32\WINNSI.DLL

VM Arguments:
jvm_args: -Xmx2048m -Dfile.encoding=UTF-8 -Duser.country=US -Duser.language=en -Duser.variant 
java_command: org.gradle.launcher.daemon.bootstrap.GradleDaemon 6.5
java_class_path (initial): C:\Users\DUYEN\.gradle\wrapper\dists\gradle-6.5-bin\6nifqtx7604sqp1q6g8wikw7p\gradle-6.5\lib\gradle-launcher-6.5.jar
Launcher Type: SUN_STANDARD

Environment Variables:
JAVA_HOME=C:\Program Files\Java\jdk1.8.0_181
PATH=C:\Program Files (x86)\Google\Chrome\Application;C:\Program Files\Common Files\Oracle\Java\javapath;C:\Windows\system32;C:\Windows;C:\Windows\System32\Wbem;C:\Windows\System32\WindowsPowerShell\v1.0\;C:\Windows\System32\OpenSSH\;C:\Program Files\Git\cmd;D:\project\software\apache-maven-3.6.3\bin;C:\Program Files\Java\jdk1.8.0_181\bin;C:\Program Files\nodejs\;C:\Program Files\Microsoft SQL Server\Client SDK\ODBC\110\Tools\Binn\;C:\Program Files\Azure Data Studio\bin;C:\Program Files\Microsoft SQL Server\Client SDK\ODBC\170\Tools\Binn\;C:\Program Files (x86)\Microsoft SQL Server\150\Tools\Binn\;C:\Program Files\Microsoft SQL Server\150\Tools\Binn\;C:\Program Files\Microsoft SQL Server\150\DTS\Binn\;C:\Program Files (x86)\Microsoft SQL Server\150\DTS\Binn\;C:\Program Files\gs\gs9.53.3\bin
USERNAME=DUYEN
OS=Windows_NT
PROCESSOR_IDENTIFIER=Intel64 Family 6 Model 126 Stepping 5, GenuineIntel



---------------  S Y S T E M  ---------------

OS: Windows 10.0 , 64 bit Build 18362 (10.0.18362.1110)

CPU:total 8 (initial active 8) (4 cores per cpu, 2 threads per core) family 6 model 126 stepping 5, cmov, cx8, fxsr, mmx, sse, sse2, sse3, ssse3, sse4.1, sse4.2, popcnt, avx, avx2, aes, clmul, erms, 3dnowpref, lzcnt, ht, tsc, tscinvbit, bmi1, bmi2, adx

Memory: 4k page, physical 8150496k(689232k free), swap 10085856k(4148k free)

vm_info: OpenJDK 64-Bit Server VM (25.242-b01) for windows-amd64 JRE (1.8.0_242-release-1644-b01), built by "builder" with MS VC++ 10.0 (VS2010)

time: Tue Dec 08 22:16:21 2020
timezone: SE Asia Standard Time
elapsed time: 28 seconds (0d 0h 0m 28s)

