#
# There is insufficient memory for the Java Runtime Environment to continue.
# Native memory allocation (malloc) failed to allocate 810896 bytes for Chunk::new
# Possible reasons:
#   The system is out of physical RAM or swap space
#   The process is running with CompressedOops enabled, and the Java Heap may be blocking the growth of the native heap
# Possible solutions:
#   Reduce memory load on the system
#   Increase physical memory or swap space
#   Check if swap backing store is full
#   Decrease Java heap size (-Xmx/-Xms)
#   Decrease number of Java threads
#   Decrease Java thread stack sizes (-Xss)
#   Set larger code cache with -XX:ReservedCodeCacheSize=
#   JVM is running with Unscaled Compressed Oops mode in which the Java heap is
#     placed in the first 4GB address space. The Java Heap base address is the
#     maximum limit for the native heap growth. Please use -XX:HeapBaseMinAddress
#     to set the Java Heap base and to place the Java Heap above 4GB virtual address.
# This output file may be truncated or incomplete.
#
#  Out of Memory Error (allocation.cpp:389), pid=7708, tid=0x0000000000001c7c
#
# JRE version: OpenJDK Runtime Environment (8.0_242-b01) (build 1.8.0_242-release-1644-b01)
# Java VM: OpenJDK 64-Bit Server VM (25.242-b01 mixed mode windows-amd64 compressed oops)
# Failed to write core dump. Minidumps are not enabled by default on client versions of Windows
#

---------------  T H R E A D  ---------------

Current thread (0x0000000019616000):  JavaThread "C2 CompilerThread1" daemon [_thread_in_native, id=7292, stack(0x0000000019fe0000,0x000000001a0e0000)]

Stack: [0x0000000019fe0000,0x000000001a0e0000]
[error occurred during error reporting (printing stack bounds), id 0xc0000005]

Native frames: (J=compiled Java code, j=interpreted, Vv=VM code, C=native code)


Current CompileTask:
C2:   9507 7054       4       com.sun.org.apache.xerces.internal.parsers.XML11Configuration::addRecognizedParamsAndSetDefaults (173 bytes)


---------------  P R O C E S S  ---------------

Java Threads: ( => current thread )
  0x000000001f568800 JavaThread "Cache worker for execution history cache (E:\BTAndroid\BVN4\.gradle\6.5\executionHistory)" [_thread_blocked, id=9316, stack(0x000000002c7e0000,0x000000002c8e0000)]
  0x000000001f567800 JavaThread "Execution worker for ':' Thread 7" [_thread_blocked, id=13916, stack(0x000000002c5b0000,0x000000002c6b0000)]
  0x000000001f567000 JavaThread "Execution worker for ':' Thread 6" [_thread_blocked, id=3016, stack(0x000000002c4b0000,0x000000002c5b0000)]
  0x000000001f569000 JavaThread "Execution worker for ':' Thread 5" [_thread_blocked, id=2560, stack(0x000000002c3b0000,0x000000002c4b0000)]
  0x000000001f55f000 JavaThread "Execution worker for ':' Thread 4" [_thread_in_Java, id=7968, stack(0x000000002c2b0000,0x000000002c3b0000)]
  0x000000001f566000 JavaThread "Execution worker for ':' Thread 3" [_thread_blocked, id=1008, stack(0x000000002c1b0000,0x000000002c2b0000)]
  0x000000001f565000 JavaThread "Execution worker for ':' Thread 2" [_thread_blocked, id=12316, stack(0x000000002c0b0000,0x000000002c1b0000)]
  0x000000001f560000 JavaThread "Execution worker for ':'" [_thread_blocked, id=14176, stack(0x000000002b610000,0x000000002b710000)]
  0x000000001f564800 JavaThread "Cache worker for file content cache (E:\BTAndroid\BVN4\.gradle\6.5\fileContent)" [_thread_blocked, id=5480, stack(0x000000002b7a0000,0x000000002b8a0000)]
  0x000000001f560800 JavaThread "Memory manager" [_thread_blocked, id=10784, stack(0x000000002ae30000,0x000000002af30000)]
  0x000000001eb9f800 JavaThread "pool-1-thread-1" [_thread_blocked, id=1300, stack(0x000000002ad30000,0x000000002ae30000)]
  0x000000001eb9e800 JavaThread "Cache worker for Build Output Cleanup Cache (E:\BTAndroid\BVN4\.gradle\buildOutputCleanup)" [_thread_blocked, id=9084, stack(0x0000000026130000,0x0000000026230000)]
  0x000000001eb97000 JavaThread "jar transforms Thread 92" [_thread_blocked, id=14212, stack(0x000000002a5c0000,0x000000002a6c0000)]
  0x000000001eb9e000 JavaThread "jar transforms Thread 91" [_thread_blocked, id=7936, stack(0x000000002a4c0000,0x000000002a5c0000)]
  0x000000001eb9c800 JavaThread "jar transforms Thread 90" [_thread_blocked, id=10540, stack(0x000000002a3c0000,0x000000002a4c0000)]
  0x000000001eb9d000 JavaThread "jar transforms Thread 89" [_thread_blocked, id=5296, stack(0x000000002a2c0000,0x000000002a3c0000)]
  0x000000001eb9b800 JavaThread "jar transforms Thread 88" [_thread_blocked, id=11336, stack(0x000000002a1c0000,0x000000002a2c0000)]
  0x000000001eb94000 JavaThread "jar transforms Thread 87" [_thread_blocked, id=13532, stack(0x000000002a0c0000,0x000000002a1c0000)]
  0x000000001eb9b000 JavaThread "jar transforms Thread 86" [_thread_blocked, id=13092, stack(0x0000000029fc0000,0x000000002a0c0000)]
  0x000000001eb9a000 JavaThread "jar transforms Thread 85" [_thread_blocked, id=9324, stack(0x0000000029ec0000,0x0000000029fc0000)]
  0x000000001eb92800 JavaThread "jar transforms Thread 84" [_thread_blocked, id=9432, stack(0x0000000029dc0000,0x0000000029ec0000)]
  0x000000001eb96000 JavaThread "jar transforms Thread 83" [_thread_blocked, id=7584, stack(0x0000000029cc0000,0x0000000029dc0000)]
  0x000000001eb93000 JavaThread "jar transforms Thread 82" [_thread_blocked, id=5200, stack(0x0000000029bc0000,0x0000000029cc0000)]
  0x000000001eb99800 JavaThread "jar transforms Thread 81" [_thread_blocked, id=12136, stack(0x0000000029ac0000,0x0000000029bc0000)]
  0x000000001eb95800 JavaThread "jar transforms Thread 80" [_thread_blocked, id=1180, stack(0x00000000299c0000,0x0000000029ac0000)]
  0x000000001eb91800 JavaThread "jar transforms Thread 79" [_thread_blocked, id=2532, stack(0x00000000298c0000,0x00000000299c0000)]
  0x000000001eb94800 JavaThread "jar transforms Thread 78" [_thread_blocked, id=10368, stack(0x00000000297c0000,0x00000000298c0000)]
  0x000000001eb98800 JavaThread "jar transforms Thread 77" [_thread_blocked, id=6900, stack(0x00000000296c0000,0x00000000297c0000)]
  0x000000001eb97800 JavaThread "jar transforms Thread 76" [_thread_blocked, id=6464, stack(0x00000000295c0000,0x00000000296c0000)]
  0x000000001eb90000 JavaThread "jar transforms Thread 75" [_thread_blocked, id=3196, stack(0x00000000294c0000,0x00000000295c0000)]
  0x000000001eb91000 JavaThread "jar transforms Thread 74" [_thread_blocked, id=12008, stack(0x00000000293c0000,0x00000000294c0000)]
  0x000000001eb8f800 JavaThread "jar transforms Thread 73" [_thread_blocked, id=5940, stack(0x00000000292c0000,0x00000000293c0000)]
  0x000000001eb8e800 JavaThread "jar transforms Thread 72" [_thread_blocked, id=1508, stack(0x00000000291c0000,0x00000000292c0000)]
  0x000000001eb8e000 JavaThread "jar transforms Thread 71" [_thread_blocked, id=4416, stack(0x00000000290c0000,0x00000000291c0000)]
  0x000000001eb8c800 JavaThread "jar transforms Thread 70" [_thread_blocked, id=8424, stack(0x0000000028fc0000,0x00000000290c0000)]
  0x000000001eb8b800 JavaThread "jar transforms Thread 69" [_thread_blocked, id=13204, stack(0x0000000028ec0000,0x0000000028fc0000)]
  0x000000001eb8d000 JavaThread "jar transforms Thread 68" [_thread_blocked, id=11520, stack(0x0000000028dc0000,0x0000000028ec0000)]
  0x000000001eb84000 JavaThread "jar transforms Thread 67" [_thread_blocked, id=3436, stack(0x0000000028cc0000,0x0000000028dc0000)]
  0x000000001eb86000 JavaThread "jar transforms Thread 66" [_thread_blocked, id=11856, stack(0x0000000028bc0000,0x0000000028cc0000)]
  0x000000001eb8b000 JavaThread "jar transforms Thread 65" [_thread_blocked, id=1112, stack(0x0000000028ac0000,0x0000000028bc0000)]
  0x000000001eb8a000 JavaThread "jar transforms Thread 64" [_thread_blocked, id=3960, stack(0x00000000289c0000,0x0000000028ac0000)]
  0x000000001eb89000 JavaThread "jar transforms Thread 63" [_thread_blocked, id=6636, stack(0x00000000288c0000,0x00000000289c0000)]
  0x000000001eb82800 JavaThread "jar transforms Thread 62" [_thread_blocked, id=13488, stack(0x00000000287c0000,0x00000000288c0000)]
  0x000000001eb88800 JavaThread "jar transforms Thread 61" [_thread_blocked, id=1968, stack(0x00000000286c0000,0x00000000287c0000)]
  0x000000001eb81000 JavaThread "jar transforms Thread 60" [_thread_blocked, id=12988, stack(0x00000000285c0000,0x00000000286c0000)]
  0x000000001eb85800 JavaThread "jar transforms Thread 59" [_thread_blocked, id=13612, stack(0x00000000284c0000,0x00000000285c0000)]
  0x000000001eb87000 JavaThread "jar transforms Thread 58" [_thread_blocked, id=12444, stack(0x00000000283c0000,0x00000000284c0000)]
  0x000000001eb84800 JavaThread "jar transforms Thread 57" [_thread_blocked, id=6532, stack(0x00000000282c0000,0x00000000283c0000)]
  0x000000001eb83000 JavaThread "jar transforms Thread 56" [_thread_blocked, id=3364, stack(0x00000000281c0000,0x00000000282c0000)]
  0x000000001eb87800 JavaThread "jar transforms Thread 55" [_thread_blocked, id=7812, stack(0x00000000280c0000,0x00000000281c0000)]
  0x000000001eb80000 JavaThread "jar transforms Thread 54" [_thread_blocked, id=472, stack(0x0000000027fc0000,0x00000000280c0000)]
  0x000000001eb81800 JavaThread "jar transforms Thread 53" [_thread_blocked, id=13216, stack(0x0000000027ec0000,0x0000000027fc0000)]
  0x0000000021b52000 JavaThread "jar transforms Thread 52" [_thread_blocked, id=8508, stack(0x0000000027dc0000,0x0000000027ec0000)]
  0x0000000021b51000 JavaThread "jar transforms Thread 51" [_thread_blocked, id=3172, stack(0x0000000027cc0000,0x0000000027dc0000)]
  0x0000000021b53800 JavaThread "jar transforms Thread 50" [_thread_blocked, id=8140, stack(0x0000000027bc0000,0x0000000027cc0000)]
  0x0000000021b50800 JavaThread "jar transforms Thread 49" [_thread_blocked, id=9964, stack(0x0000000027ac0000,0x0000000027bc0000)]
  0x0000000021b52800 JavaThread "jar transforms Thread 48" [_thread_blocked, id=7196, stack(0x00000000279c0000,0x0000000027ac0000)]
  0x0000000021b4f800 JavaThread "jar transforms Thread 47" [_thread_blocked, id=13952, stack(0x00000000278c0000,0x00000000279c0000)]
  0x0000000021b4f000 JavaThread "jar transforms Thread 46" [_thread_blocked, id=11836, stack(0x00000000277c0000,0x00000000278c0000)]
  0x0000000021b47800 JavaThread "jar transforms Thread 45" [_thread_blocked, id=8428, stack(0x00000000276c0000,0x00000000277c0000)]
  0x0000000021b4d800 JavaThread "jar transforms Thread 44" [_thread_blocked, id=11140, stack(0x00000000275c0000,0x00000000276c0000)]
  0x0000000021b4c000 JavaThread "jar transforms Thread 43" [_thread_blocked, id=3720, stack(0x00000000274c0000,0x00000000275c0000)]
  0x0000000021b4e000 JavaThread "jar transforms Thread 42" [_thread_blocked, id=4196, stack(0x00000000273c0000,0x00000000274c0000)]
  0x0000000021b46000 JavaThread "jar transforms Thread 41" [_thread_blocked, id=7752, stack(0x00000000272c0000,0x00000000273c0000)]
  0x0000000021b4c800 JavaThread "jar transforms Thread 40" [_thread_blocked, id=14108, stack(0x00000000271c0000,0x00000000272c0000)]
  0x0000000021b4b000 JavaThread "jar transforms Thread 39" [_thread_blocked, id=11368, stack(0x00000000270c0000,0x00000000271c0000)]
  0x0000000021b44800 JavaThread "jar transforms Thread 38" [_thread_blocked, id=11400, stack(0x0000000026fc0000,0x00000000270c0000)]
  0x0000000021b4a800 JavaThread "jar transforms Thread 37" [_thread_blocked, id=12360, stack(0x0000000026ec0000,0x0000000026fc0000)]
  0x0000000021b45000 JavaThread "jar transforms Thread 36" [_thread_blocked, id=4564, stack(0x0000000026dc0000,0x0000000026ec0000)]
  0x0000000021b49000 JavaThread "jar transforms Thread 35" [_thread_blocked, id=10636, stack(0x0000000026cc0000,0x0000000026dc0000)]
  0x0000000021b46800 JavaThread "jar transforms Thread 34" [_thread_blocked, id=1184, stack(0x0000000026bc0000,0x0000000026cc0000)]
  0x0000000021b49800 JavaThread "jar transforms Thread 33" [_thread_blocked, id=3472, stack(0x0000000026ac0000,0x0000000026bc0000)]
  0x0000000021b48000 JavaThread "jar transforms Thread 32" [_thread_blocked, id=2132, stack(0x00000000269c0000,0x0000000026ac0000)]
  0x000000001ef54000 JavaThread "jar transforms Thread 31" [_thread_blocked, id=14092, stack(0x00000000268c0000,0x00000000269c0000)]
  0x000000001ef52000 JavaThread "jar transforms Thread 30" [_thread_blocked, id=11536, stack(0x00000000267c0000,0x00000000268c0000)]
  0x000000001ef51000 JavaThread "jar transforms Thread 29" [_thread_blocked, id=2192, stack(0x00000000266c0000,0x00000000267c0000)]
  0x000000001ef4f800 JavaThread "jar transforms Thread 28" [_thread_blocked, id=8580, stack(0x00000000265c0000,0x00000000266c0000)]
  0x000000001ef53800 JavaThread "jar transforms Thread 27" [_thread_blocked, id=9284, stack(0x00000000264c0000,0x00000000265c0000)]
  0x000000001ef4f000 JavaThread "jar transforms Thread 26" [_thread_blocked, id=4496, stack(0x00000000263c0000,0x00000000264c0000)]
  0x000000001ef50800 JavaThread "jar transforms Thread 25" [_thread_blocked, id=12732, stack(0x00000000262c0000,0x00000000263c0000)]
  0x000000001ef52800 JavaThread "jar transforms Thread 24" [_thread_blocked, id=1320, stack(0x00000000247e0000,0x00000000248e0000)]
  0x000000001ef55000 JavaThread "jar transforms Thread 23" [_thread_blocked, id=13660, stack(0x0000000026030000,0x0000000026130000)]
  0x000000001ef49800 JavaThread "jar transforms Thread 22" [_thread_blocked, id=6960, stack(0x0000000025f30000,0x0000000026030000)]
  0x000000001ef4b000 JavaThread "jar transforms Thread 21" [_thread_blocked, id=1848, stack(0x0000000025e30000,0x0000000025f30000)]
  0x000000001ef4e000 JavaThread "jar transforms Thread 20" [_thread_blocked, id=9404, stack(0x0000000025d30000,0x0000000025e30000)]
  0x000000001ef48000 JavaThread "jar transforms Thread 19" [_thread_blocked, id=12092, stack(0x0000000025c30000,0x0000000025d30000)]
  0x000000001ef4c800 JavaThread "jar transforms Thread 18" [_thread_blocked, id=9392, stack(0x0000000025b30000,0x0000000025c30000)]
  0x000000001ef47800 JavaThread "jar transforms Thread 17" [_thread_blocked, id=9440, stack(0x0000000025a30000,0x0000000025b30000)]
  0x000000001ef4a800 JavaThread "jar transforms Thread 16" [_thread_blocked, id=10124, stack(0x0000000025930000,0x0000000025a30000)]
  0x000000001ef4d800 JavaThread "jar transforms Thread 15" [_thread_blocked, id=2100, stack(0x0000000025830000,0x0000000025930000)]
  0x000000001ef46800 JavaThread "jar transforms Thread 14" [_thread_blocked, id=10332, stack(0x0000000025730000,0x0000000025830000)]
  0x000000001ef4c000 JavaThread "jar transforms Thread 13" [_thread_blocked, id=10792, stack(0x0000000025630000,0x0000000025730000)]
  0x000000001ef46000 JavaThread "jar transforms Thread 12" [_thread_blocked, id=8196, stack(0x0000000025530000,0x0000000025630000)]
  0x000000001ef49000 JavaThread "jar transforms Thread 11" [_thread_blocked, id=3796, stack(0x0000000025430000,0x0000000025530000)]
  0x000000001f6b3800 JavaThread "jar transforms Thread 10" [_thread_blocked, id=14188, stack(0x0000000025330000,0x0000000025430000)]
  0x000000001f6b2800 JavaThread "jar transforms Thread 9" [_thread_blocked, id=7732, stack(0x0000000025230000,0x0000000025330000)]
  0x000000001f6b2000 JavaThread "jar transforms Thread 8" [_thread_blocked, id=9092, stack(0x0000000025130000,0x0000000025230000)]
  0x000000001f6b1000 JavaThread "jar transforms Thread 7" [_thread_blocked, id=12164, stack(0x0000000025030000,0x0000000025130000)]
  0x000000001f6af000 JavaThread "jar transforms Thread 6" [_thread_blocked, id=13156, stack(0x0000000024f30000,0x0000000025030000)]
  0x000000001f6b0800 JavaThread "jar transforms Thread 5" [_thread_blocked, id=3420, stack(0x0000000024e30000,0x0000000024f30000)]
  0x000000001f6ae000 JavaThread "jar transforms Thread 4" [_thread_blocked, id=10148, stack(0x0000000024d30000,0x0000000024e30000)]
  0x000000001f6ad800 JavaThread "jar transforms Thread 3" [_thread_blocked, id=10428, stack(0x0000000024c30000,0x0000000024d30000)]
  0x000000001f6b4000 JavaThread "jar transforms Thread 2" [_thread_blocked, id=14084, stack(0x0000000024b30000,0x0000000024c30000)]
  0x000000001f6af800 JavaThread "Build operations Thread 8" [_thread_blocked, id=10388, stack(0x00000000246e0000,0x00000000247e0000)]
  0x000000001f6a6000 JavaThread "Build operations Thread 7" [_thread_blocked, id=11648, stack(0x00000000245e0000,0x00000000246e0000)]
  0x000000001f6ac800 JavaThread "Build operations Thread 6" [_thread_blocked, id=8024, stack(0x00000000244e0000,0x00000000245e0000)]
  0x000000001f6a5000 JavaThread "Build operations Thread 5" [_thread_blocked, id=13992, stack(0x00000000243e0000,0x00000000244e0000)]
  0x000000001f6ab000 JavaThread "Build operations Thread 4" [_thread_blocked, id=11728, stack(0x00000000242e0000,0x00000000243e0000)]
  0x000000001f6a9000 JavaThread "Build operations Thread 3" [_thread_blocked, id=1956, stack(0x00000000241e0000,0x00000000242e0000)]
  0x000000001f6a8000 JavaThread "Build operations Thread 2" [_thread_blocked, id=10648, stack(0x00000000240e0000,0x00000000241e0000)]
  0x000000001f6a7800 JavaThread "Build operations" [_thread_blocked, id=7248, stack(0x0000000023fe0000,0x00000000240e0000)]
  0x000000001c454800 JavaThread "Cache worker for file content cache (C:\Users\DUYEN\.gradle\caches\6.5\fileContent)" [_thread_blocked, id=11944, stack(0x0000000022910000,0x0000000022a10000)]
  0x000000001c453800 JavaThread "jar transforms" [_thread_blocked, id=9780, stack(0x0000000022810000,0x0000000022910000)]
  0x000000001c452000 JavaThread "Cache worker for execution history cache (C:\Users\DUYEN\.gradle\caches\6.5\executionHistory)" [_thread_blocked, id=452, stack(0x0000000022110000,0x0000000022210000)]
  0x000000001c450000 JavaThread "Cache worker for cache directory md-rule (C:\Users\DUYEN\.gradle\caches\6.5\md-rule)" [_thread_blocked, id=3344, stack(0x0000000022010000,0x0000000022110000)]
  0x000000001c451800 JavaThread "Cache worker for cache directory md-supplier (C:\Users\DUYEN\.gradle\caches\6.5\md-supplier)" [_thread_blocked, id=5628, stack(0x0000000021f10000,0x0000000022010000)]
  0x000000001c450800 JavaThread "Cache worker for checksums cache (E:\BTAndroid\BVN4\.gradle\checksums)" [_thread_blocked, id=5736, stack(0x0000000021e10000,0x0000000021f10000)]
  0x000000001c44f000 JavaThread "Cache worker for file hash cache (E:\BTAndroid\BVN4\.gradle\6.5\fileHashes)" [_thread_blocked, id=1912, stack(0x0000000020d30000,0x0000000020e30000)]
  0x000000001c44e800 JavaThread "Cache worker for file hash cache (C:\Users\DUYEN\.gradle\caches\6.5\fileHashes)" [_thread_blocked, id=9236, stack(0x000000001e610000,0x000000001e710000)]
  0x000000001c453000 JavaThread "File lock request listener" [_thread_in_native, id=13844, stack(0x000000001e510000,0x000000001e610000)]
  0x000000001c4a8800 JavaThread "Cache worker for journal cache (C:\Users\DUYEN\.gradle\caches\journal-1)" [_thread_blocked, id=13300, stack(0x000000001e410000,0x000000001e510000)]
  0x000000001a67a000 JavaThread "Thread-9" [_thread_blocked, id=13052, stack(0x000000001e110000,0x000000001e210000)]
  0x000000001a679000 JavaThread "Stdin handler" [_thread_blocked, id=5208, stack(0x000000001e010000,0x000000001e110000)]
  0x000000001a675800 JavaThread "Asynchronous log dispatcher for DefaultDaemonConnection: socket connection from /127.0.0.1:52493 to /127.0.0.1:52494" [_thread_blocked, id=10384, stack(0x000000001df10000,0x000000001e010000)]
  0x000000001a79a000 JavaThread "Daemon worker" [_thread_blocked, id=13384, stack(0x000000001de10000,0x000000001df10000)]
  0x000000001c402800 JavaThread "Cancel handler" [_thread_blocked, id=10580, stack(0x000000001dc10000,0x000000001dd10000)]
  0x000000001bec6000 JavaThread "Handler for socket connection from /127.0.0.1:52493 to /127.0.0.1:52494" [_thread_in_native, id=8488, stack(0x000000001db10000,0x000000001dc10000)]
  0x000000001bec5000 JavaThread "Daemon" [_thread_blocked, id=10216, stack(0x000000001d810000,0x000000001d910000)]
  0x000000001c302800 JavaThread "Daemon periodic checks" [_thread_blocked, id=4216, stack(0x000000001d710000,0x000000001d810000)]
  0x000000001c3a4800 JavaThread "Incoming local TCP Connector on port 52493" [_thread_in_native, id=4680, stack(0x000000001d4d0000,0x000000001d5d0000)]
  0x000000001bf98800 JavaThread "Daemon health stats" [_thread_blocked, id=7956, stack(0x000000001bcb0000,0x000000001bdb0000)]
  0x00000000196a4800 JavaThread "Service Thread" daemon [_thread_blocked, id=10516, stack(0x000000001a2e0000,0x000000001a3e0000)]
  0x0000000019621000 JavaThread "C1 CompilerThread3" daemon [_thread_blocked, id=11072, stack(0x000000001a1e0000,0x000000001a2e0000)]
  0x0000000019619800 JavaThread "C2 CompilerThread2" daemon [_thread_in_native, id=10536, stack(0x000000001a0e0000,0x000000001a1e0000)]
=>0x0000000019616000 JavaThread "C2 CompilerThread1" daemon [_thread_in_native, id=7292, stack(0x0000000019fe0000,0x000000001a0e0000)]
  0x0000000019613000 JavaThread "C2 CompilerThread0" daemon [_thread_in_native, id=1808, stack(0x0000000019ee0000,0x0000000019fe0000)]
  0x0000000019611000 JavaThread "Attach Listener" daemon [_thread_blocked, id=3192, stack(0x0000000019de0000,0x0000000019ee0000)]
  0x0000000019610000 JavaThread "Signal Dispatcher" daemon [_thread_blocked, id=12412, stack(0x0000000019ce0000,0x0000000019de0000)]
  0x0000000019601000 JavaThread "Finalizer" daemon [_thread_blocked, id=1072, stack(0x0000000019ae0000,0x0000000019be0000)]
  0x0000000019600800 JavaThread "Reference Handler" daemon [_thread_blocked, id=9264, stack(0x00000000199e0000,0x0000000019ae0000)]
  0x000000000259e800 JavaThread "main" [_thread_blocked, id=10144, stack(0x00000000025a0000,0x00000000026a0000)]

Other Threads:
  0x0000000017806000 VMThread [stack: 0x00000000194e0000,0x00000000195e0000] [id=7188]
  0x0000000019630800 WatcherThread [stack: 0x000000001a3e0000,0x000000001a4e0000] [id=11768]

VM state:not at safepoint (normal execution)

VM Mutex/Monitor currently owned by a thread: None

heap address: 0x0000000080000000, size: 2048 MB, Compressed Oops mode: 32-bit
Narrow klass base: 0x0000000000000000, Narrow klass shift: 3
Compressed class space size: 1073741824 Address: 0x0000000100000000

Heap:
 PSYoungGen      total 225792K, used 167650K [0x00000000d5580000, 0x00000000e4980000, 0x0000000100000000)
  eden space 206336K, 81% used [0x00000000d5580000,0x00000000df938928,0x00000000e1f00000)
  from space 19456K, 0% used [0x00000000e3200000,0x00000000e3200000,0x00000000e4500000)
  to   space 19456K, 0% used [0x00000000e1f00000,0x00000000e1f00000,0x00000000e3200000)
 ParOldGen       total 79360K, used 29767K [0x0000000080000000, 0x0000000084d80000, 0x00000000d5580000)
  object space 79360K, 37% used [0x0000000080000000,0x0000000081d11d58,0x0000000084d80000)
 Metaspace       used 64152K, capacity 67492K, committed 67736K, reserved 1107968K
  class space    used 8909K, capacity 9545K, committed 9648K, reserved 1048576K

Card table byte_map: [0x0000000011b60000,0x0000000011f70000] byte_map_base: 0x0000000011760000

Marking Bits: (ParMarkBitMap*) 0x0000000052d9f030
 Begin Bits: [0x0000000012a20000, 0x0000000014a20000)
 End Bits:   [0x0000000014a20000, 0x0000000016a20000)

Polling page: 0x0000000000cd0000

CodeCache: size=245760Kb used=19862Kb max_used=19862Kb free=225897Kb
 bounds [0x00000000027a0000, 0x0000000003b20000, 0x00000000117a0000]
 total_blobs=7028 nmethods=6239 adapters=700
 compilation: enabled

Compilation events (10 events):
Event: 9.478 Thread 0x0000000019621000 7126   !   3       com.android.utils.PositionXmlParser::getXmlString (589 bytes)
Event: 9.480 Thread 0x0000000019621000 nmethod 7126 0x0000000003b07f10 code [0x0000000003b082e0, 0x0000000003b0aa48]
Event: 9.480 Thread 0x0000000019621000 7127       3       sun.nio.cs.UTF_8$Decoder::isNotContinuation (17 bytes)
Event: 9.480 Thread 0x0000000019621000 nmethod 7127 0x0000000003b0bfd0 code [0x0000000003b0c120, 0x0000000003b0c2b0]
Event: 9.485 Thread 0x0000000019619800 nmethod 7117% 0x0000000003b0fa50 code [0x0000000003b0fbc0, 0x0000000003b106e8]
Event: 9.485 Thread 0x0000000019619800 7118       4       com.android.utils.PositionXmlParser$DomBuilder::findOpeningTag (131 bytes)
Event: 9.496 Thread 0x0000000019619800 nmethod 7118 0x0000000003b10d50 code [0x0000000003b10ec0, 0x0000000003b114f8]
Event: 9.496 Thread 0x0000000019619800 7085       4       com.sun.org.apache.xerces.internal.impl.XMLEntityScanner::scanQName (502 bytes)
Event: 9.496 Thread 0x0000000019621000 7129 %     3       sun.nio.cs.UTF_8$Decoder::decode @ 51 (779 bytes)
Event: 9.501 Thread 0x0000000019621000 nmethod 7129% 0x0000000003b11850 code [0x0000000003b11ee0, 0x0000000003b16fb8]

GC Heap History (10 events):
Event: 3.722 GC heap before
{Heap before GC invocations=11 (full 2):
 PSYoungGen      total 137216K, used 11230K [0x00000000d5580000, 0x00000000e0e00000, 0x0000000100000000)
  eden space 125952K, 0% used [0x00000000d5580000,0x00000000d5580000,0x00000000dd080000)
  from space 11264K, 99% used [0x00000000dd080000,0x00000000ddb779f8,0x00000000ddb80000)
  to   space 12800K, 0% used [0x00000000e0180000,0x00000000e0180000,0x00000000e0e00000)
 ParOldGen       total 50176K, used 6782K [0x0000000080000000, 0x0000000083100000, 0x00000000d5580000)
  object space 50176K, 13% used [0x0000000080000000,0x000000008069fb00,0x0000000083100000)
 Metaspace       used 34295K, capacity 35414K, committed 35496K, reserved 1079296K
  class space    used 4721K, capacity 5002K, committed 5040K, reserved 1048576K
Event: 3.790 GC heap after
Heap after GC invocations=11 (full 2):
 PSYoungGen      total 137216K, used 0K [0x00000000d5580000, 0x00000000e0e00000, 0x0000000100000000)
  eden space 125952K, 0% used [0x00000000d5580000,0x00000000d5580000,0x00000000dd080000)
  from space 11264K, 0% used [0x00000000dd080000,0x00000000dd080000,0x00000000ddb80000)
  to   space 12800K, 0% used [0x00000000e0180000,0x00000000e0180000,0x00000000e0e00000)
 ParOldGen       total 79360K, used 17329K [0x0000000080000000, 0x0000000084d80000, 0x00000000d5580000)
  object space 79360K, 21% used [0x0000000080000000,0x00000000810ec7e0,0x0000000084d80000)
 Metaspace       used 34295K, capacity 35414K, committed 35496K, reserved 1079296K
  class space    used 4721K, capacity 5002K, committed 5040K, reserved 1048576K
}
Event: 4.694 GC heap before
{Heap before GC invocations=12 (full 2):
 PSYoungGen      total 137216K, used 125952K [0x00000000d5580000, 0x00000000e0e00000, 0x0000000100000000)
  eden space 125952K, 100% used [0x00000000d5580000,0x00000000dd080000,0x00000000dd080000)
  from space 11264K, 0% used [0x00000000dd080000,0x00000000dd080000,0x00000000ddb80000)
  to   space 12800K, 0% used [0x00000000e0180000,0x00000000e0180000,0x00000000e0e00000)
 ParOldGen       total 79360K, used 17329K [0x0000000080000000, 0x0000000084d80000, 0x00000000d5580000)
  object space 79360K, 21% used [0x0000000080000000,0x00000000810ec7e0,0x0000000084d80000)
 Metaspace       used 39660K, capacity 41410K, committed 41768K, reserved 1085440K
  class space    used 5482K, capacity 5853K, committed 5936K, reserved 1048576K
Event: 4.707 GC heap after
Heap after GC invocations=12 (full 2):
 PSYoungGen      total 175616K, used 9563K [0x00000000d5580000, 0x00000000e0f00000, 0x0000000100000000)
  eden space 162816K, 0% used [0x00000000d5580000,0x00000000d5580000,0x00000000df480000)
  from space 12800K, 74% used [0x00000000e0180000,0x00000000e0ad6f30,0x00000000e0e00000)
  to   space 13312K, 0% used [0x00000000df480000,0x00000000df480000,0x00000000e0180000)
 ParOldGen       total 79360K, used 17337K [0x0000000080000000, 0x0000000084d80000, 0x00000000d5580000)
  object space 79360K, 21% used [0x0000000080000000,0x00000000810ee7e0,0x0000000084d80000)
 Metaspace       used 39660K, capacity 41410K, committed 41768K, reserved 1085440K
  class space    used 5482K, capacity 5853K, committed 5936K, reserved 1048576K
}
Event: 6.677 GC heap before
{Heap before GC invocations=13 (full 2):
 PSYoungGen      total 175616K, used 172379K [0x00000000d5580000, 0x00000000e0f00000, 0x0000000100000000)
  eden space 162816K, 100% used [0x00000000d5580000,0x00000000df480000,0x00000000df480000)
  from space 12800K, 74% used [0x00000000e0180000,0x00000000e0ad6f30,0x00000000e0e00000)
  to   space 13312K, 0% used [0x00000000df480000,0x00000000df480000,0x00000000e0180000)
 ParOldGen       total 79360K, used 17337K [0x0000000080000000, 0x0000000084d80000, 0x00000000d5580000)
  object space 79360K, 21% used [0x0000000080000000,0x00000000810ee7e0,0x0000000084d80000)
 Metaspace       used 55043K, capacity 57334K, committed 57384K, reserved 1099776K
  class space    used 7505K, capacity 7978K, committed 7984K, reserved 1048576K
Event: 6.698 GC heap after
Heap after GC invocations=13 (full 2):
 PSYoungGen      total 176128K, used 13308K [0x00000000d5580000, 0x00000000e4500000, 0x0000000100000000)
  eden space 162816K, 0% used [0x00000000d5580000,0x00000000d5580000,0x00000000df480000)
  from space 13312K, 99% used [0x00000000df480000,0x00000000e017f320,0x00000000e0180000)
  to   space 19456K, 0% used [0x00000000e3200000,0x00000000e3200000,0x00000000e4500000)
 ParOldGen       total 79360K, used 29627K [0x0000000080000000, 0x0000000084d80000, 0x00000000d5580000)
  object space 79360K, 37% used [0x0000000080000000,0x0000000081ceec48,0x0000000084d80000)
 Metaspace       used 55043K, capacity 57334K, committed 57384K, reserved 1099776K
  class space    used 7505K, capacity 7978K, committed 7984K, reserved 1048576K
}
Event: 6.981 GC heap before
{Heap before GC invocations=14 (full 2):
 PSYoungGen      total 176128K, used 38813K [0x00000000d5580000, 0x00000000e4500000, 0x0000000100000000)
  eden space 162816K, 15% used [0x00000000d5580000,0x00000000d6e68288,0x00000000df480000)
  from space 13312K, 99% used [0x00000000df480000,0x00000000e017f320,0x00000000e0180000)
  to   space 19456K, 0% used [0x00000000e3200000,0x00000000e3200000,0x00000000e4500000)
 ParOldGen       total 79360K, used 29627K [0x0000000080000000, 0x0000000084d80000, 0x00000000d5580000)
  object space 79360K, 37% used [0x0000000080000000,0x0000000081ceec48,0x0000000084d80000)
 Metaspace       used 56746K, capacity 59100K, committed 59160K, reserved 1099776K
  class space    used 7770K, capacity 8239K, committed 8240K, reserved 1048576K
Event: 6.994 GC heap after
Heap after GC invocations=14 (full 2):
 PSYoungGen      total 225792K, used 2517K [0x00000000d5580000, 0x00000000e4980000, 0x0000000100000000)
  eden space 206336K, 0% used [0x00000000d5580000,0x00000000d5580000,0x00000000e1f00000)
  from space 19456K, 12% used [0x00000000e3200000,0x00000000e3475708,0x00000000e4500000)
  to   space 19456K, 0% used [0x00000000e1f00000,0x00000000e1f00000,0x00000000e3200000)
 ParOldGen       total 79360K, used 42808K [0x0000000080000000, 0x0000000084d80000, 0x00000000d5580000)
  object space 79360K, 53% used [0x0000000080000000,0x00000000829ce1d0,0x0000000084d80000)
 Metaspace       used 56746K, capacity 59100K, committed 59160K, reserved 1099776K
  class space    used 7770K, capacity 8239K, committed 8240K, reserved 1048576K
}
Event: 6.994 GC heap before
{Heap before GC invocations=15 (full 3):
 PSYoungGen      total 225792K, used 2517K [0x00000000d5580000, 0x00000000e4980000, 0x0000000100000000)
  eden space 206336K, 0% used [0x00000000d5580000,0x00000000d5580000,0x00000000e1f00000)
  from space 19456K, 12% used [0x00000000e3200000,0x00000000e3475708,0x00000000e4500000)
  to   space 19456K, 0% used [0x00000000e1f00000,0x00000000e1f00000,0x00000000e3200000)
 ParOldGen       total 79360K, used 42808K [0x0000000080000000, 0x0000000084d80000, 0x00000000d5580000)
  object space 79360K, 53% used [0x0000000080000000,0x00000000829ce1d0,0x0000000084d80000)
 Metaspace       used 56746K, capacity 59100K, committed 59160K, reserved 1099776K
  class space    used 7770K, capacity 8239K, committed 8240K, reserved 1048576K
Event: 7.193 GC heap after
Heap after GC invocations=15 (full 3):
 PSYoungGen      total 225792K, used 0K [0x00000000d5580000, 0x00000000e4980000, 0x0000000100000000)
  eden space 206336K, 0% used [0x00000000d5580000,0x00000000d5580000,0x00000000e1f00000)
  from space 19456K, 0% used [0x00000000e3200000,0x00000000e3200000,0x00000000e4500000)
  to   space 19456K, 0% used [0x00000000e1f00000,0x00000000e1f00000,0x00000000e3200000)
 ParOldGen       total 79360K, used 29767K [0x0000000080000000, 0x0000000084d80000, 0x00000000d5580000)
  object space 79360K, 37% used [0x0000000080000000,0x0000000081d11d58,0x0000000084d80000)
 Metaspace       used 56712K, capacity 58986K, committed 59160K, reserved 1099776K
  class space    used 7760K, capacity 8220K, committed 8240K, reserved 1048576K
}

Deoptimization events (10 events):
Event: 8.308 Thread 0x000000001f6a5000 Uncommon trap: reason=bimorphic action=maybe_recompile pc=0x0000000003748230 method=java.util.concurrent.ConcurrentHashMap.putVal(Ljava/lang/Object;Ljava/lang/Object;Z)Ljava/lang/Object; @ 192
Event: 8.309 Thread 0x000000001f6ac800 Uncommon trap: reason=bimorphic action=maybe_recompile pc=0x0000000003748230 method=java.util.concurrent.ConcurrentHashMap.putVal(Ljava/lang/Object;Ljava/lang/Object;Z)Ljava/lang/Object; @ 192
Event: 8.309 Thread 0x000000001f6a8000 Uncommon trap: reason=bimorphic action=maybe_recompile pc=0x0000000003748230 method=java.util.concurrent.ConcurrentHashMap.putVal(Ljava/lang/Object;Ljava/lang/Object;Z)Ljava/lang/Object; @ 192
Event: 8.333 Thread 0x000000001f6ab000 Uncommon trap: reason=unstable_if action=reinterpret pc=0x00000000036fdf8c method=java.util.concurrent.ConcurrentHashMap.addCount(JI)V @ 97
Event: 8.342 Thread 0x000000001f6a8000 Uncommon trap: reason=unstable_if action=reinterpret pc=0x0000000002a4fabc method=java.lang.String$CaseInsensitiveComparator.compare(Ljava/lang/String;Ljava/lang/String;)I @ 70
Event: 8.486 Thread 0x000000001f6a8000 Uncommon trap: reason=unstable_if action=reinterpret pc=0x000000000391f364 method=java.util.concurrent.ConcurrentHashMap.addCount(JI)V @ 97
Event: 9.145 Thread 0x000000001f55f000 Uncommon trap: reason=unstable_if action=reinterpret pc=0x0000000002a4117c method=sun.nio.cs.UTF_8$Decoder.decode([BII[C)I @ 30
Event: 9.145 Thread 0x000000001f55f000 Uncommon trap: reason=unstable_if action=reinterpret pc=0x0000000002921f90 method=java.lang.StringCoding.safeTrim([CILjava/nio/charset/Charset;Z)[C @ 3
Event: 9.160 Thread 0x000000001f55f000 Uncommon trap: reason=unstable_if action=reinterpret pc=0x0000000002927068 method=java.lang.StringCoding.safeTrim([CILjava/nio/charset/Charset;Z)[C @ 3
Event: 9.478 Thread 0x000000001f55f000 Uncommon trap: reason=unstable_if action=reinterpret pc=0x00000000032e4f80 method=sun.nio.cs.UTF_8$Decoder.decode([BII[C)I @ 90

Classes redefined (0 events):
No events

Internal exceptions (10 events):
Event: 8.297 Thread 0x000000001f6ab000 Exception <a 'java/lang/NoSuchMethodError': java.lang.Object.lambda$flatMap$3(Ljava/util/function/Function;)Lorg/gradle/internal/Try;> (0x00000000da9b8ed0) thrown at [C:\src\AOSP-openjdk-git\hotspot\src\share\vm\interpreter\linkResolver.cpp, line 620]
Event: 8.335 Thread 0x000000001f6af800 Exception <a 'java/lang/NoSuchMethodError': java.lang.Object.lambda$flatMap$2(Ljava/util/function/Function;Ljava/lang/Object;)Lorg/gradle/internal/Try;> (0x00000000daed4030) thrown at [C:\src\AOSP-openjdk-git\hotspot\src\share\vm\interpreter\linkResolver.
Event: 8.335 Thread 0x000000001f6a8000 Exception <a 'java/lang/NoSuchMethodError': java.lang.Object.lambda$flatMap$2(Ljava/util/function/Function;Ljava/lang/Object;)Lorg/gradle/internal/Try;> (0x00000000dadde170) thrown at [C:\src\AOSP-openjdk-git\hotspot\src\share\vm\interpreter\linkResolver.
Event: 8.335 Thread 0x000000001f6a9000 Exception <a 'java/lang/NoSuchMethodError': java.lang.Object.lambda$flatMap$2(Ljava/util/function/Function;Ljava/lang/Object;)Lorg/gradle/internal/Try;> (0x00000000dae76a40) thrown at [C:\src\AOSP-openjdk-git\hotspot\src\share\vm\interpreter\linkResolver.
Event: 8.335 Thread 0x000000001f6a5000 Exception <a 'java/lang/NoSuchMethodError': java.lang.Object.lambda$flatMap$2(Ljava/util/function/Function;Ljava/lang/Object;)Lorg/gradle/internal/Try;> (0x00000000daf55138) thrown at [C:\src\AOSP-openjdk-git\hotspot\src\share\vm\interpreter\linkResolver.
Event: 8.335 Thread 0x000000001f6a7800 Exception <a 'java/lang/NoSuchMethodError': java.lang.Object.lambda$flatMap$2(Ljava/util/function/Function;Ljava/lang/Object;)Lorg/gradle/internal/Try;> (0x00000000db01d170) thrown at [C:\src\AOSP-openjdk-git\hotspot\src\share\vm\interpreter\linkResolver.
Event: 8.336 Thread 0x000000001f6ac800 Exception <a 'java/lang/NoSuchMethodError': java.lang.Object.lambda$flatMap$2(Ljava/util/function/Function;Ljava/lang/Object;)Lorg/gradle/internal/Try;> (0x00000000db1d3660) thrown at [C:\src\AOSP-openjdk-git\hotspot\src\share\vm\interpreter\linkResolver.
Event: 8.335 Thread 0x000000001f6ab000 Exception <a 'java/lang/NoSuchMethodError': java.lang.Object.lambda$flatMap$2(Ljava/util/function/Function;Ljava/lang/Object;)Lorg/gradle/internal/Try;> (0x00000000db12f850) thrown at [C:\src\AOSP-openjdk-git\hotspot\src\share\vm\interpreter\linkResolver.
Event: 8.335 Thread 0x000000001f6a6000 Exception <a 'java/lang/NoSuchMethodError': java.lang.Object.lambda$flatMap$2(Ljava/util/function/Function;Ljava/lang/Object;)Lorg/gradle/internal/Try;> (0x00000000db17f888) thrown at [C:\src\AOSP-openjdk-git\hotspot\src\share\vm\interpreter\linkResolver.
Event: 8.559 Thread 0x000000001f55f000 Exception <a 'java/lang/NoSuchMethodError': java.lang.Object.lambda$flatMap$0(Ljava/lang/Throwable;)Lorg/gradle/api/internal/artifacts/transform/CacheableInvocation;> (0x00000000dcf154d8) thrown at [C:\src\AOSP-openjdk-git\hotspot\src\share\vm\interpreter

Events (10 events):
Event: 9.479 Thread 0x000000001f55f000 DEOPT PACKING pc=0x0000000003a89b88 sp=0x000000002c3aab10
Event: 9.479 Thread 0x000000001f55f000 DEOPT UNPACKING pc=0x00000000027e75d0 sp=0x000000002c3aa878 mode 0
Event: 9.482 Thread 0x000000001f55f000 DEOPT PACKING pc=0x0000000003a89b88 sp=0x000000002c3aab10
Event: 9.482 Thread 0x000000001f55f000 DEOPT UNPACKING pc=0x00000000027e75d0 sp=0x000000002c3aa878 mode 0
Event: 9.488 Thread 0x000000001f55f000 DEOPT PACKING pc=0x0000000003a89b51 sp=0x000000002c3aab10
Event: 9.488 Thread 0x000000001f55f000 DEOPT UNPACKING pc=0x00000000027e75d0 sp=0x000000002c3aa878 mode 0
Event: 9.495 Thread 0x000000001f55f000 DEOPT PACKING pc=0x0000000003a89b88 sp=0x000000002c3aab10
Event: 9.495 Thread 0x000000001f55f000 DEOPT UNPACKING pc=0x00000000027e75d0 sp=0x000000002c3aa878 mode 0
Event: 9.496 Thread 0x000000001f55f000 DEOPT PACKING pc=0x0000000003aaaa1a sp=0x000000002c3aadc0
Event: 9.496 Thread 0x000000001f55f000 DEOPT UNPACKING pc=0x00000000027e75d0 sp=0x000000002c3aac40 mode 0


Dynamic libraries:
0x00007ff78f240000 - 0x00007ff78f271000 	C:\Program Files\Android\Android Studio\jre\bin\java.exe
0x00007fff068c0000 - 0x00007fff06ab0000 	C:\Windows\SYSTEM32\ntdll.dll
0x00007fff05830000 - 0x00007fff058e2000 	C:\Windows\System32\KERNEL32.DLL
0x00007fff039e0000 - 0x00007fff03c85000 	C:\Windows\System32\KERNELBASE.dll
0x00007fff06600000 - 0x00007fff066a3000 	C:\Windows\System32\ADVAPI32.dll
0x00007fff062c0000 - 0x00007fff0635e000 	C:\Windows\System32\msvcrt.dll
0x00007fff05cd0000 - 0x00007fff05d67000 	C:\Windows\System32\sechost.dll
0x00007fff04f70000 - 0x00007fff05090000 	C:\Windows\System32\RPCRT4.dll
0x00007fff05ac0000 - 0x00007fff05c54000 	C:\Windows\System32\USER32.dll
0x00007fff04820000 - 0x00007fff04841000 	C:\Windows\System32\win32u.dll
0x00007fff064e0000 - 0x00007fff06506000 	C:\Windows\System32\GDI32.dll
0x00007fff03840000 - 0x00007fff039d6000 	C:\Windows\System32\gdi32full.dll
0x00007fff03ea0000 - 0x00007fff03f3e000 	C:\Windows\System32\msvcp_win.dll
0x00007fff04870000 - 0x00007fff0496a000 	C:\Windows\System32\ucrtbase.dll
0x00007ffef6d40000 - 0x00007ffef6fc4000 	C:\Windows\WinSxS\amd64_microsoft.windows.common-controls_6595b64144ccf1df_6.0.18362.1198_none_9e820b57e45ad92f\COMCTL32.dll
0x00007fff04980000 - 0x00007fff04cb5000 	C:\Windows\System32\combase.dll
0x00007fff03d40000 - 0x00007fff03dc0000 	C:\Windows\System32\bcryptPrimitives.dll
0x00007fff05a90000 - 0x00007fff05abe000 	C:\Windows\System32\IMM32.DLL
0x00000000524f0000 - 0x00000000525c2000 	C:\Program Files\Android\Android Studio\jre\jre\bin\msvcr100.dll
0x00000000525d0000 - 0x0000000052e1b000 	C:\Program Files\Android\Android Studio\jre\jre\bin\server\jvm.dll
0x00007fff04970000 - 0x00007fff04978000 	C:\Windows\System32\PSAPI.DLL
0x00007ffee7b70000 - 0x00007ffee7b79000 	C:\Windows\SYSTEM32\WSOCK32.dll
0x00007ffeffc30000 - 0x00007ffeffc54000 	C:\Windows\SYSTEM32\WINMM.dll
0x00007fff06810000 - 0x00007fff0687f000 	C:\Windows\System32\WS2_32.dll
0x00007ffefeba0000 - 0x00007ffefebaa000 	C:\Windows\SYSTEM32\VERSION.dll
0x00007ffeffc00000 - 0x00007ffeffc2d000 	C:\Windows\SYSTEM32\WINMMBASE.dll
0x00007fff03e20000 - 0x00007fff03e6a000 	C:\Windows\System32\cfgmgr32.dll
0x00007fff00330000 - 0x00007fff0033f000 	C:\Program Files\Android\Android Studio\jre\jre\bin\verify.dll
0x00007ffef38d0000 - 0x00007ffef38f9000 	C:\Program Files\Android\Android Studio\jre\jre\bin\java.dll
0x00007ffef38b0000 - 0x00007ffef38c6000 	C:\Program Files\Android\Android Studio\jre\jre\bin\zip.dll
0x00007fff05090000 - 0x00007fff05777000 	C:\Windows\System32\SHELL32.dll
0x00007fff05780000 - 0x00007fff05829000 	C:\Windows\System32\shcore.dll
0x00007fff03f40000 - 0x00007fff046c1000 	C:\Windows\System32\windows.storage.dll
0x00007fff03810000 - 0x00007fff03833000 	C:\Windows\System32\profapi.dll
0x00007fff037a0000 - 0x00007fff037ea000 	C:\Windows\System32\powrprof.dll
0x00007fff03770000 - 0x00007fff03780000 	C:\Windows\System32\UMPDC.dll
0x00007fff058f0000 - 0x00007fff05942000 	C:\Windows\System32\shlwapi.dll
0x00007fff03780000 - 0x00007fff03791000 	C:\Windows\System32\kernel.appcore.dll
0x00007fff04850000 - 0x00007fff04867000 	C:\Windows\System32\cryptsp.dll
0x00007ffef29c0000 - 0x00007ffef29da000 	C:\Program Files\Android\Android Studio\jre\jre\bin\net.dll
0x00007fff02940000 - 0x00007fff029a7000 	C:\Windows\system32\mswsock.dll
0x00007ffef29a0000 - 0x00007ffef29b3000 	C:\Program Files\Android\Android Studio\jre\jre\bin\nio.dll
0x00007ffed28c0000 - 0x00007ffed28e7000 	C:\Users\DUYEN\.gradle\native\f6784746aeab05261644944871eae4fe03e0ef1612fff0a4a95f87b438bc6780\windows-amd64\native-platform.dll
0x00007fff002b0000 - 0x00007fff002bd000 	C:\Program Files\Android\Android Studio\jre\jre\bin\management.dll
0x00007fff024b0000 - 0x00007fff024e3000 	C:\Windows\system32\rsaenh.dll
0x00007fff03e70000 - 0x00007fff03e96000 	C:\Windows\System32\bcrypt.dll
0x00007fff03690000 - 0x00007fff036b5000 	C:\Windows\SYSTEM32\USERENV.dll
0x00007fff02b10000 - 0x00007fff02b1c000 	C:\Windows\SYSTEM32\CRYPTBASE.dll
0x00007fff02650000 - 0x00007fff0268a000 	C:\Windows\SYSTEM32\IPHLPAPI.DLL
0x00007fff065f0000 - 0x00007fff065f8000 	C:\Windows\System32\NSI.dll
0x00007ffef9570000 - 0x00007ffef9586000 	C:\Windows\SYSTEM32\dhcpcsvc6.DLL
0x00007ffef9890000 - 0x00007ffef98ac000 	C:\Windows\SYSTEM32\dhcpcsvc.DLL
0x00007fff02690000 - 0x00007fff0275b000 	C:\Windows\SYSTEM32\DNSAPI.dll
0x00007ffefca20000 - 0x00007ffefca2b000 	C:\Windows\SYSTEM32\WINNSI.DLL

VM Arguments:
jvm_args: -Xmx2048m -Dfile.encoding=UTF-8 -Duser.country=US -Duser.language=en -Duser.variant 
java_command: org.gradle.launcher.daemon.bootstrap.GradleDaemon 6.5
java_class_path (initial): C:\Users\DUYEN\.gradle\wrapper\dists\gradle-6.5-bin\6nifqtx7604sqp1q6g8wikw7p\gradle-6.5\lib\gradle-launcher-6.5.jar
Launcher Type: SUN_STANDARD

Environment Variables:
JAVA_HOME=C:\Program Files\Java\jdk1.8.0_181
PATH=C:\Program Files (x86)\Google\Chrome\Application;C:\Program Files\Common Files\Oracle\Java\javapath;C:\Windows\system32;C:\Windows;C:\Windows\System32\Wbem;C:\Windows\System32\WindowsPowerShell\v1.0\;C:\Windows\System32\OpenSSH\;C:\Program Files\Git\cmd;D:\project\software\apache-maven-3.6.3\bin;C:\Program Files\Java\jdk1.8.0_181\bin;C:\Program Files\nodejs\;C:\Program Files\Microsoft SQL Server\Client SDK\ODBC\110\Tools\Binn\;C:\Program Files\Azure Data Studio\bin;C:\Program Files\Microsoft SQL Server\Client SDK\ODBC\170\Tools\Binn\;C:\Program Files (x86)\Microsoft SQL Server\150\Tools\Binn\;C:\Program Files\Microsoft SQL Server\150\Tools\Binn\;C:\Program Files\Microsoft SQL Server\150\DTS\Binn\;C:\Program Files (x86)\Microsoft SQL Server\150\DTS\Binn\;C:\Program Files\gs\gs9.53.3\bin
USERNAME=DUYEN
OS=Windows_NT
PROCESSOR_IDENTIFIER=Intel64 Family 6 Model 126 Stepping 5, GenuineIntel



---------------  S Y S T E M  ---------------

OS: Windows 10.0 , 64 bit Build 18362 (10.0.18362.1110)

CPU:total 8 (initial active 8) (4 cores per cpu, 2 threads per core) family 6 model 126 stepping 5, cmov, cx8, fxsr, mmx, sse, sse2, sse3, ssse3, sse4.1, sse4.2, popcnt, avx, avx2, aes, clmul, erms, 3dnowpref, lzcnt, ht, tsc, tscinvbit, bmi1, bmi2, adx

Memory: 4k page, physical 8150496k(1099976k free), swap 10085856k(3136k free)

vm_info: OpenJDK 64-Bit Server VM (25.242-b01) for windows-amd64 JRE (1.8.0_242-release-1644-b01), built by "builder" with MS VC++ 10.0 (VS2010)

time: Tue Dec 08 22:25:51 2020
timezone: SE Asia Standard Time
elapsed time: 9 seconds (0d 0h 0m 9s)

